2025-08-17T12:17:38.749+05:30 INFO  [background-preinit] org.hibernate.validator.internal.util.Version - HV000001: Hibernate Validator 8.0.2.Final
2025-08-17T12:17:38.767+05:30 INFO  [restartedMain] aero.airfi.qa.QaTestResultServiceApplication - Starting QaTestResultServiceApplication using Java 21.0.8 with PID 10422 (/Users/ranjankale/Documents/dashboard-project/qa-test-result-service/target/classes started by ranjankale in /Users/ranjankale/Documents/dashboard-project/qa-test-result-service)
2025-08-17T12:17:38.769+05:30 INFO  [restartedMain] aero.airfi.qa.QaTestResultServiceApplication - No active profile set, falling back to 1 default profile: "default"
2025-08-17T12:17:39.335+05:30 INFO  [restartedMain] org.apache.coyote.http11.Http11NioProtocol - Initializing ProtocolHandler ["http-nio-8080"]
2025-08-17T12:17:39.335+05:30 INFO  [restartedMain] org.apache.catalina.core.StandardService - Starting service [Tomcat]
2025-08-17T12:17:39.336+05:30 INFO  [restartedMain] org.apache.catalina.core.StandardEngine - Starting Servlet engine: [Apache Tomcat/10.1.43]
2025-08-17T12:17:39.353+05:30 INFO  [restartedMain] org.apache.catalina.core.ContainerBase.[Tomcat].[localhost].[/] - Initializing Spring embedded WebApplicationContext
2025-08-17T12:17:39.732+05:30 INFO  [restartedMain] org.apache.coyote.http11.Http11NioProtocol - Starting ProtocolHandler ["http-nio-8080"]
2025-08-17T12:17:39.743+05:30 INFO  [restartedMain] aero.airfi.qa.QaTestResultServiceApplication - Started QaTestResultServiceApplication in 1.113 seconds (process running for 1.47)
2025-08-17T12:23:28.719+05:30 INFO  [http-nio-8080-exec-1] org.apache.catalina.core.ContainerBase.[Tomcat].[localhost].[/] - Initializing Spring DispatcherServlet 'dispatcherServlet'
2025-08-17T12:23:28.794+05:30 INFO  [http-nio-8080-exec-1] aero.airfi.qa.controller.TestMethodResultController - POST createTestResult iata=OC runId=OC:14070254-9272-4c6a-9164-28c2d9dd1bd1 feature=Pax Registration status=PASS
2025-08-17T12:23:28.795+05:30 INFO  [http-nio-8080-exec-1] aero.airfi.qa.service.TestMethodResultService - Saving test result runId=OC:14070254-9272-4c6a-9164-28c2d9dd1bd1 iata=OC feature=Pax Registration status=PASS
2025-08-17T12:23:46.622+05:30 INFO  [http-nio-8080-exec-2] aero.airfi.qa.controller.TestMethodResultController - POST createTestResult iata=OC runId=OC:14070254-9272-4c6a-9164-28c2d9dd1bd1 feature=Games status=FAIL
2025-08-17T12:23:46.623+05:30 INFO  [http-nio-8080-exec-2] aero.airfi.qa.service.TestMethodResultService - Saving test result runId=OC:14070254-9272-4c6a-9164-28c2d9dd1bd1 iata=OC feature=Games status=FAIL
2025-08-17T12:23:51.534+05:30 INFO  [http-nio-8080-exec-3] aero.airfi.qa.controller.TestMethodResultController - POST createTestResult iata=OC runId=OC:14070254-9272-4c6a-9164-28c2d9dd1bd1 feature=Games status=FAIL
2025-08-17T12:23:51.534+05:30 INFO  [http-nio-8080-exec-3] aero.airfi.qa.service.TestMethodResultService - Saving test result runId=OC:14070254-9272-4c6a-9164-28c2d9dd1bd1 iata=OC feature=Games status=FAIL
2025-08-17T12:24:07.115+05:30 INFO  [http-nio-8080-exec-4] aero.airfi.qa.controller.TestMethodResultController - POST createTestResult iata=OC runId=OC:14070254-9272-4c6a-9164-28c2d9dd1bd1 feature=Games status=PASS
2025-08-17T12:24:07.115+05:30 INFO  [http-nio-8080-exec-4] aero.airfi.qa.service.TestMethodResultService - Saving test result runId=OC:14070254-9272-4c6a-9164-28c2d9dd1bd1 iata=OC feature=Games status=PASS
2025-08-17T12:24:23.789+05:30 INFO  [http-nio-8080-exec-5] aero.airfi.qa.controller.TestMethodResultController - POST createTestResult iata=OC runId=OC:14070254-9272-4c6a-9164-28c2d9dd1bd1 feature=Games status=FAIL
2025-08-17T12:24:23.790+05:30 INFO  [http-nio-8080-exec-5] aero.airfi.qa.service.TestMethodResultService - Saving test result runId=OC:14070254-9272-4c6a-9164-28c2d9dd1bd1 iata=OC feature=Games status=FAIL
2025-08-17T12:25:33.167+05:30 INFO  [http-nio-8080-exec-7] aero.airfi.qa.controller.TestMethodResultController - POST createTestResult iata=OC runId=OC:14070254-9272-4c6a-9164-28c2d9dd1bd1 feature=Games status=PASS
2025-08-17T12:25:33.172+05:30 INFO  [http-nio-8080-exec-7] aero.airfi.qa.service.TestMethodResultService - Saving test result runId=OC:14070254-9272-4c6a-9164-28c2d9dd1bd1 iata=OC feature=Games status=PASS
2025-08-17T12:30:48.419+05:30 INFO  [http-nio-8080-exec-9] aero.airfi.qa.controller.TestMethodResultController - POST createTestResult iata=OC runId=OC:14070254-9272-4c6a-9164-28c2d9dd1bd1 feature=Magazines status=PASS
2025-08-17T12:30:48.420+05:30 INFO  [http-nio-8080-exec-9] aero.airfi.qa.service.TestMethodResultService - Saving test result runId=OC:14070254-9272-4c6a-9164-28c2d9dd1bd1 iata=OC feature=Magazines status=PASS
2025-08-17T12:32:19.506+05:30 INFO  [http-nio-8080-exec-1] aero.airfi.qa.controller.TestMethodResultController - POST createTestResult iata=OC runId=OC:14070254-9272-4c6a-9164-28c2d9dd1bd1 feature=Magazines status=PASS
2025-08-17T12:32:19.507+05:30 INFO  [http-nio-8080-exec-1] aero.airfi.qa.service.TestMethodResultService - Saving test result runId=OC:14070254-9272-4c6a-9164-28c2d9dd1bd1 iata=OC feature=Magazines status=PASS
2025-08-17T12:33:01.539+05:30 INFO  [http-nio-8080-exec-2] aero.airfi.qa.controller.TestMethodResultController - POST createTestResult iata=OC runId=OC:14070254-9272-4c6a-9164-28c2d9dd1bd1 feature=Magazines status=PASS
2025-08-17T12:33:01.539+05:30 INFO  [http-nio-8080-exec-2] aero.airfi.qa.service.TestMethodResultService - Saving test result runId=OC:14070254-9272-4c6a-9164-28c2d9dd1bd1 iata=OC feature=Magazines status=PASS
2025-08-17T12:33:46.974+05:30 INFO  [http-nio-8080-exec-3] aero.airfi.qa.controller.TestMethodResultController - POST createTestResult iata=OC runId=OC:14070254-9272-4c6a-9164-28c2d9dd1bd1 feature=Magazines status=PASS
2025-08-17T12:33:46.975+05:30 INFO  [http-nio-8080-exec-3] aero.airfi.qa.service.TestMethodResultService - Saving test result runId=OC:14070254-9272-4c6a-9164-28c2d9dd1bd1 iata=OC feature=Magazines status=PASS
2025-08-17T12:34:35.588+05:30 INFO  [http-nio-8080-exec-5] aero.airfi.qa.controller.TestMethodResultController - POST createTestResult iata=OC runId=OC:14070254-9272-4c6a-9164-28c2d9dd1bd1 feature=Magazines status=FAIL
2025-08-17T12:34:35.590+05:30 INFO  [http-nio-8080-exec-5] aero.airfi.qa.service.TestMethodResultService - Saving test result runId=OC:14070254-9272-4c6a-9164-28c2d9dd1bd1 iata=OC feature=Magazines status=FAIL
2025-08-17T12:34:40.674+05:30 INFO  [http-nio-8080-exec-6] aero.airfi.qa.controller.TestMethodResultController - POST createTestResult iata=OC runId=OC:14070254-9272-4c6a-9164-28c2d9dd1bd1 feature=Magazines status=FAIL
2025-08-17T12:34:40.675+05:30 INFO  [http-nio-8080-exec-6] aero.airfi.qa.service.TestMethodResultService - Saving test result runId=OC:14070254-9272-4c6a-9164-28c2d9dd1bd1 iata=OC feature=Magazines status=FAIL
2025-08-17T12:35:04.264+05:30 INFO  [http-nio-8080-exec-8] aero.airfi.qa.controller.TestMethodResultController - GET results by runId iata=OC runId=OC:14070254-9272-4c6a-9164-28c2d9dd1bd1
2025-08-17T12:36:11.925+05:30 INFO  [tomcat-shutdown] org.apache.coyote.http11.Http11NioProtocol - Pausing ProtocolHandler ["http-nio-8080"]
2025-08-17T12:36:13.940+05:30 INFO  [Thread-4] org.apache.coyote.http11.Http11NioProtocol - Stopping ProtocolHandler ["http-nio-8080"]
2025-08-17T12:36:13.939+05:30 ERROR [http-nio-8080-Acceptor] org.apache.tomcat.util.net.Acceptor - Socket accept failed
java.nio.channels.AsynchronousCloseException: null
	at java.base/java.nio.channels.spi.AbstractInterruptibleChannel.end(AbstractInterruptibleChannel.java:203) ~[?:?]
	at java.base/sun.nio.ch.ServerSocketChannelImpl.end(ServerSocketChannelImpl.java:383) ~[?:?]
	at java.base/sun.nio.ch.ServerSocketChannelImpl.accept(ServerSocketChannelImpl.java:407) ~[?:?]
	at org.apache.tomcat.util.net.NioEndpoint.serverSocketAccept(NioEndpoint.java:537) ~[tomcat-embed-core-10.1.43.jar:10.1.43]
	at org.apache.tomcat.util.net.NioEndpoint.serverSocketAccept(NioEndpoint.java:72) ~[tomcat-embed-core-10.1.43.jar:10.1.43]
	at org.apache.tomcat.util.net.Acceptor.run(Acceptor.java:127) ~[tomcat-embed-core-10.1.43.jar:10.1.43]
	at java.base/java.lang.Thread.run(Thread.java:1583) [?:?]
2025-08-17T12:36:14.031+05:30 INFO  [restartedMain] aero.airfi.qa.QaTestResultServiceApplication - Starting QaTestResultServiceApplication using Java 21.0.8 with PID 10422 (/Users/ranjankale/Documents/dashboard-project/qa-test-result-service/target/classes started by ranjankale in /Users/ranjankale/Documents/dashboard-project/qa-test-result-service)
2025-08-17T12:36:14.031+05:30 INFO  [restartedMain] aero.airfi.qa.QaTestResultServiceApplication - No active profile set, falling back to 1 default profile: "default"
2025-08-17T12:36:14.139+05:30 INFO  [restartedMain] org.apache.coyote.http11.Http11NioProtocol - Initializing ProtocolHandler ["http-nio-8080"]
2025-08-17T12:36:14.139+05:30 INFO  [restartedMain] org.apache.catalina.core.StandardService - Starting service [Tomcat]
2025-08-17T12:36:14.139+05:30 INFO  [restartedMain] org.apache.catalina.core.StandardEngine - Starting Servlet engine: [Apache Tomcat/10.1.43]
2025-08-17T12:36:14.143+05:30 INFO  [restartedMain] org.apache.catalina.core.ContainerBase.[Tomcat].[localhost].[/] - Initializing Spring embedded WebApplicationContext
2025-08-17T12:36:14.213+05:30 INFO  [restartedMain] org.apache.coyote.http11.Http11NioProtocol - Starting ProtocolHandler ["http-nio-8080"]
2025-08-17T12:36:14.218+05:30 INFO  [restartedMain] aero.airfi.qa.QaTestResultServiceApplication - Started QaTestResultServiceApplication in 0.205 seconds (process running for 1115.945)
2025-08-17T12:36:19.675+05:30 INFO  [tomcat-shutdown] org.apache.coyote.http11.Http11NioProtocol - Pausing ProtocolHandler ["http-nio-8080"]
2025-08-17T12:36:21.684+05:30 ERROR [http-nio-8080-Acceptor] org.apache.tomcat.util.net.Acceptor - Socket accept failed
java.nio.channels.AsynchronousCloseException: null
	at java.base/java.nio.channels.spi.AbstractInterruptibleChannel.end(AbstractInterruptibleChannel.java:203) ~[?:?]
	at java.base/sun.nio.ch.ServerSocketChannelImpl.end(ServerSocketChannelImpl.java:383) ~[?:?]
	at java.base/sun.nio.ch.ServerSocketChannelImpl.accept(ServerSocketChannelImpl.java:407) ~[?:?]
	at org.apache.tomcat.util.net.NioEndpoint.serverSocketAccept(NioEndpoint.java:537) ~[tomcat-embed-core-10.1.43.jar:10.1.43]
	at org.apache.tomcat.util.net.NioEndpoint.serverSocketAccept(NioEndpoint.java:72) ~[tomcat-embed-core-10.1.43.jar:10.1.43]
	at org.apache.tomcat.util.net.Acceptor.run(Acceptor.java:127) ~[tomcat-embed-core-10.1.43.jar:10.1.43]
	at java.base/java.lang.Thread.run(Thread.java:1583) [?:?]
2025-08-17T12:36:21.685+05:30 INFO  [Thread-7] org.apache.coyote.http11.Http11NioProtocol - Stopping ProtocolHandler ["http-nio-8080"]
2025-08-17T12:36:21.755+05:30 INFO  [restartedMain] aero.airfi.qa.QaTestResultServiceApplication - Starting QaTestResultServiceApplication using Java 21.0.8 with PID 10422 (/Users/ranjankale/Documents/dashboard-project/qa-test-result-service/target/classes started by ranjankale in /Users/ranjankale/Documents/dashboard-project/qa-test-result-service)
2025-08-17T12:36:21.755+05:30 INFO  [restartedMain] aero.airfi.qa.QaTestResultServiceApplication - No active profile set, falling back to 1 default profile: "default"
2025-08-17T12:36:21.842+05:30 INFO  [restartedMain] org.apache.coyote.http11.Http11NioProtocol - Initializing ProtocolHandler ["http-nio-8080"]
2025-08-17T12:36:21.842+05:30 INFO  [restartedMain] org.apache.catalina.core.StandardService - Starting service [Tomcat]
2025-08-17T12:36:21.842+05:30 INFO  [restartedMain] org.apache.catalina.core.StandardEngine - Starting Servlet engine: [Apache Tomcat/10.1.43]
2025-08-17T12:36:21.846+05:30 INFO  [restartedMain] org.apache.catalina.core.ContainerBase.[Tomcat].[localhost].[/] - Initializing Spring embedded WebApplicationContext
2025-08-17T12:36:21.900+05:30 INFO  [restartedMain] org.apache.coyote.http11.Http11NioProtocol - Starting ProtocolHandler ["http-nio-8080"]
2025-08-17T12:36:21.903+05:30 INFO  [restartedMain] aero.airfi.qa.QaTestResultServiceApplication - Started QaTestResultServiceApplication in 0.165 seconds (process running for 1123.63)
2025-08-17T12:45:00.533+05:30 INFO  [http-nio-8080-exec-1] org.apache.catalina.core.ContainerBase.[Tomcat].[localhost].[/] - Initializing Spring DispatcherServlet 'dispatcherServlet'
2025-08-17T12:45:00.549+05:30 INFO  [http-nio-8080-exec-1] aero.airfi.qa.controller.TestMethodResultController - GET results by runId iata=OC runId=OC:14070254-9272-4c6a-9164-28c2d9dd1bd1
2025-08-17T12:50:49.493+05:30 INFO  [tomcat-shutdown] org.apache.coyote.http11.Http11NioProtocol - Pausing ProtocolHandler ["http-nio-8080"]
2025-08-17T12:50:51.503+05:30 INFO  [Thread-11] org.apache.coyote.http11.Http11NioProtocol - Stopping ProtocolHandler ["http-nio-8080"]
2025-08-17T12:50:51.501+05:30 ERROR [http-nio-8080-Acceptor] org.apache.tomcat.util.net.Acceptor - Socket accept failed
java.nio.channels.AsynchronousCloseException: null
	at java.base/java.nio.channels.spi.AbstractInterruptibleChannel.end(AbstractInterruptibleChannel.java:203) ~[?:?]
	at java.base/sun.nio.ch.ServerSocketChannelImpl.end(ServerSocketChannelImpl.java:383) ~[?:?]
	at java.base/sun.nio.ch.ServerSocketChannelImpl.accept(ServerSocketChannelImpl.java:407) ~[?:?]
	at org.apache.tomcat.util.net.NioEndpoint.serverSocketAccept(NioEndpoint.java:537) ~[tomcat-embed-core-10.1.43.jar:10.1.43]
	at org.apache.tomcat.util.net.NioEndpoint.serverSocketAccept(NioEndpoint.java:72) ~[tomcat-embed-core-10.1.43.jar:10.1.43]
	at org.apache.tomcat.util.net.Acceptor.run(Acceptor.java:127) ~[tomcat-embed-core-10.1.43.jar:10.1.43]
	at java.base/java.lang.Thread.run(Thread.java:1583) [?:?]
2025-08-17T12:50:51.586+05:30 INFO  [restartedMain] aero.airfi.qa.QaTestResultServiceApplication - Starting QaTestResultServiceApplication using Java 21.0.8 with PID 10422 (/Users/ranjankale/Documents/dashboard-project/qa-test-result-service/target/classes started by ranjankale in /Users/ranjankale/Documents/dashboard-project/qa-test-result-service)
2025-08-17T12:50:51.586+05:30 INFO  [restartedMain] aero.airfi.qa.QaTestResultServiceApplication - No active profile set, falling back to 1 default profile: "default"
2025-08-17T12:50:51.680+05:30 INFO  [restartedMain] org.apache.coyote.http11.Http11NioProtocol - Initializing ProtocolHandler ["http-nio-8080"]
2025-08-17T12:50:51.680+05:30 INFO  [restartedMain] org.apache.catalina.core.StandardService - Starting service [Tomcat]
2025-08-17T12:50:51.681+05:30 INFO  [restartedMain] org.apache.catalina.core.StandardEngine - Starting Servlet engine: [Apache Tomcat/10.1.43]
2025-08-17T12:50:51.684+05:30 INFO  [restartedMain] org.apache.catalina.core.ContainerBase.[Tomcat].[localhost].[/] - Initializing Spring embedded WebApplicationContext
2025-08-17T12:50:51.745+05:30 INFO  [restartedMain] org.apache.coyote.http11.Http11NioProtocol - Starting ProtocolHandler ["http-nio-8080"]
2025-08-17T12:50:51.748+05:30 INFO  [restartedMain] aero.airfi.qa.QaTestResultServiceApplication - Started QaTestResultServiceApplication in 0.179 seconds (process running for 1993.475)
2025-08-17T12:50:54.179+05:30 INFO  [tomcat-shutdown] org.apache.coyote.http11.Http11NioProtocol - Pausing ProtocolHandler ["http-nio-8080"]
2025-08-17T12:50:56.189+05:30 INFO  [Thread-15] org.apache.coyote.http11.Http11NioProtocol - Stopping ProtocolHandler ["http-nio-8080"]
2025-08-17T12:50:56.188+05:30 ERROR [http-nio-8080-Acceptor] org.apache.tomcat.util.net.Acceptor - Socket accept failed
java.nio.channels.AsynchronousCloseException: null
	at java.base/java.nio.channels.spi.AbstractInterruptibleChannel.end(AbstractInterruptibleChannel.java:203) ~[?:?]
	at java.base/sun.nio.ch.ServerSocketChannelImpl.end(ServerSocketChannelImpl.java:383) ~[?:?]
	at java.base/sun.nio.ch.ServerSocketChannelImpl.accept(ServerSocketChannelImpl.java:407) ~[?:?]
	at org.apache.tomcat.util.net.NioEndpoint.serverSocketAccept(NioEndpoint.java:537) ~[tomcat-embed-core-10.1.43.jar:10.1.43]
	at org.apache.tomcat.util.net.NioEndpoint.serverSocketAccept(NioEndpoint.java:72) ~[tomcat-embed-core-10.1.43.jar:10.1.43]
	at org.apache.tomcat.util.net.Acceptor.run(Acceptor.java:127) ~[tomcat-embed-core-10.1.43.jar:10.1.43]
	at java.base/java.lang.Thread.run(Thread.java:1583) [?:?]
2025-08-17T12:50:56.245+05:30 INFO  [restartedMain] aero.airfi.qa.QaTestResultServiceApplication - Starting QaTestResultServiceApplication using Java 21.0.8 with PID 10422 (/Users/ranjankale/Documents/dashboard-project/qa-test-result-service/target/classes started by ranjankale in /Users/ranjankale/Documents/dashboard-project/qa-test-result-service)
2025-08-17T12:50:56.246+05:30 INFO  [restartedMain] aero.airfi.qa.QaTestResultServiceApplication - No active profile set, falling back to 1 default profile: "default"
2025-08-17T12:50:56.317+05:30 INFO  [restartedMain] org.apache.coyote.http11.Http11NioProtocol - Initializing ProtocolHandler ["http-nio-8080"]
2025-08-17T12:50:56.317+05:30 INFO  [restartedMain] org.apache.catalina.core.StandardService - Starting service [Tomcat]
2025-08-17T12:50:56.317+05:30 INFO  [restartedMain] org.apache.catalina.core.StandardEngine - Starting Servlet engine: [Apache Tomcat/10.1.43]
2025-08-17T12:50:56.321+05:30 INFO  [restartedMain] org.apache.catalina.core.ContainerBase.[Tomcat].[localhost].[/] - Initializing Spring embedded WebApplicationContext
2025-08-17T12:50:56.373+05:30 INFO  [restartedMain] org.apache.coyote.http11.Http11NioProtocol - Starting ProtocolHandler ["http-nio-8080"]
2025-08-17T12:50:56.376+05:30 INFO  [restartedMain] aero.airfi.qa.QaTestResultServiceApplication - Started QaTestResultServiceApplication in 0.144 seconds (process running for 1998.103)
2025-08-17T12:50:58.806+05:30 INFO  [tomcat-shutdown] org.apache.coyote.http11.Http11NioProtocol - Pausing ProtocolHandler ["http-nio-8080"]
2025-08-17T12:51:00.811+05:30 ERROR [http-nio-8080-Acceptor] org.apache.tomcat.util.net.Acceptor - Socket accept failed
java.nio.channels.AsynchronousCloseException: null
	at java.base/java.nio.channels.spi.AbstractInterruptibleChannel.end(AbstractInterruptibleChannel.java:203) ~[?:?]
	at java.base/sun.nio.ch.ServerSocketChannelImpl.end(ServerSocketChannelImpl.java:383) ~[?:?]
	at java.base/sun.nio.ch.ServerSocketChannelImpl.accept(ServerSocketChannelImpl.java:407) ~[?:?]
	at org.apache.tomcat.util.net.NioEndpoint.serverSocketAccept(NioEndpoint.java:537) ~[tomcat-embed-core-10.1.43.jar:10.1.43]
	at org.apache.tomcat.util.net.NioEndpoint.serverSocketAccept(NioEndpoint.java:72) ~[tomcat-embed-core-10.1.43.jar:10.1.43]
	at org.apache.tomcat.util.net.Acceptor.run(Acceptor.java:127) ~[tomcat-embed-core-10.1.43.jar:10.1.43]
	at java.base/java.lang.Thread.run(Thread.java:1583) [?:?]
2025-08-17T12:51:00.811+05:30 INFO  [Thread-19] org.apache.coyote.http11.Http11NioProtocol - Stopping ProtocolHandler ["http-nio-8080"]
2025-08-17T12:51:00.853+05:30 INFO  [restartedMain] aero.airfi.qa.QaTestResultServiceApplication - Starting QaTestResultServiceApplication using Java 21.0.8 with PID 10422 (/Users/ranjankale/Documents/dashboard-project/qa-test-result-service/target/classes started by ranjankale in /Users/ranjankale/Documents/dashboard-project/qa-test-result-service)
2025-08-17T12:51:00.853+05:30 INFO  [restartedMain] aero.airfi.qa.QaTestResultServiceApplication - No active profile set, falling back to 1 default profile: "default"
2025-08-17T12:51:00.921+05:30 INFO  [restartedMain] org.apache.coyote.http11.Http11NioProtocol - Initializing ProtocolHandler ["http-nio-8080"]
2025-08-17T12:51:00.921+05:30 INFO  [restartedMain] org.apache.catalina.core.StandardService - Starting service [Tomcat]
2025-08-17T12:51:00.921+05:30 INFO  [restartedMain] org.apache.catalina.core.StandardEngine - Starting Servlet engine: [Apache Tomcat/10.1.43]
2025-08-17T12:51:00.924+05:30 INFO  [restartedMain] org.apache.catalina.core.ContainerBase.[Tomcat].[localhost].[/] - Initializing Spring embedded WebApplicationContext
2025-08-17T12:51:00.972+05:30 INFO  [restartedMain] org.apache.coyote.http11.Http11NioProtocol - Starting ProtocolHandler ["http-nio-8080"]
2025-08-17T12:51:00.974+05:30 INFO  [restartedMain] aero.airfi.qa.QaTestResultServiceApplication - Started QaTestResultServiceApplication in 0.133 seconds (process running for 2002.701)
2025-08-17T12:51:12.498+05:30 INFO  [tomcat-shutdown] org.apache.coyote.http11.Http11NioProtocol - Pausing ProtocolHandler ["http-nio-8080"]
2025-08-17T12:51:14.507+05:30 INFO  [Thread-23] org.apache.coyote.http11.Http11NioProtocol - Stopping ProtocolHandler ["http-nio-8080"]
2025-08-17T12:51:14.506+05:30 ERROR [http-nio-8080-Acceptor] org.apache.tomcat.util.net.Acceptor - Socket accept failed
java.nio.channels.AsynchronousCloseException: null
	at java.base/java.nio.channels.spi.AbstractInterruptibleChannel.end(AbstractInterruptibleChannel.java:203) ~[?:?]
	at java.base/sun.nio.ch.ServerSocketChannelImpl.end(ServerSocketChannelImpl.java:383) ~[?:?]
	at java.base/sun.nio.ch.ServerSocketChannelImpl.accept(ServerSocketChannelImpl.java:407) ~[?:?]
	at org.apache.tomcat.util.net.NioEndpoint.serverSocketAccept(NioEndpoint.java:537) ~[tomcat-embed-core-10.1.43.jar:10.1.43]
	at org.apache.tomcat.util.net.NioEndpoint.serverSocketAccept(NioEndpoint.java:72) ~[tomcat-embed-core-10.1.43.jar:10.1.43]
	at org.apache.tomcat.util.net.Acceptor.run(Acceptor.java:127) ~[tomcat-embed-core-10.1.43.jar:10.1.43]
	at java.base/java.lang.Thread.run(Thread.java:1583) [?:?]
2025-08-17T12:51:14.567+05:30 INFO  [restartedMain] aero.airfi.qa.QaTestResultServiceApplication - Starting QaTestResultServiceApplication using Java 21.0.8 with PID 10422 (/Users/ranjankale/Documents/dashboard-project/qa-test-result-service/target/classes started by ranjankale in /Users/ranjankale/Documents/dashboard-project/qa-test-result-service)
2025-08-17T12:51:14.567+05:30 INFO  [restartedMain] aero.airfi.qa.QaTestResultServiceApplication - No active profile set, falling back to 1 default profile: "default"
2025-08-17T12:51:14.632+05:30 INFO  [restartedMain] org.apache.coyote.http11.Http11NioProtocol - Initializing ProtocolHandler ["http-nio-8080"]
2025-08-17T12:51:14.633+05:30 INFO  [restartedMain] org.apache.catalina.core.StandardService - Starting service [Tomcat]
2025-08-17T12:51:14.633+05:30 INFO  [restartedMain] org.apache.catalina.core.StandardEngine - Starting Servlet engine: [Apache Tomcat/10.1.43]
2025-08-17T12:51:14.636+05:30 INFO  [restartedMain] org.apache.catalina.core.ContainerBase.[Tomcat].[localhost].[/] - Initializing Spring embedded WebApplicationContext
2025-08-17T12:51:14.680+05:30 INFO  [restartedMain] org.apache.coyote.http11.Http11NioProtocol - Starting ProtocolHandler ["http-nio-8080"]
2025-08-17T12:51:14.683+05:30 INFO  [restartedMain] aero.airfi.qa.QaTestResultServiceApplication - Started QaTestResultServiceApplication in 0.131 seconds (process running for 2016.41)
2025-08-17T12:58:42.681+05:30 INFO  [tomcat-shutdown] org.apache.coyote.http11.Http11NioProtocol - Pausing ProtocolHandler ["http-nio-8080"]
2025-08-17T12:58:44.687+05:30 INFO  [Thread-27] org.apache.coyote.http11.Http11NioProtocol - Stopping ProtocolHandler ["http-nio-8080"]
2025-08-17T12:58:44.687+05:30 ERROR [http-nio-8080-Acceptor] org.apache.tomcat.util.net.Acceptor - Socket accept failed
java.nio.channels.AsynchronousCloseException: null
	at java.base/java.nio.channels.spi.AbstractInterruptibleChannel.end(AbstractInterruptibleChannel.java:203) ~[?:?]
	at java.base/sun.nio.ch.ServerSocketChannelImpl.end(ServerSocketChannelImpl.java:383) ~[?:?]
	at java.base/sun.nio.ch.ServerSocketChannelImpl.accept(ServerSocketChannelImpl.java:407) ~[?:?]
	at org.apache.tomcat.util.net.NioEndpoint.serverSocketAccept(NioEndpoint.java:537) ~[tomcat-embed-core-10.1.43.jar:10.1.43]
	at org.apache.tomcat.util.net.NioEndpoint.serverSocketAccept(NioEndpoint.java:72) ~[tomcat-embed-core-10.1.43.jar:10.1.43]
	at org.apache.tomcat.util.net.Acceptor.run(Acceptor.java:127) ~[tomcat-embed-core-10.1.43.jar:10.1.43]
	at java.base/java.lang.Thread.run(Thread.java:1583) [?:?]
2025-08-17T12:58:44.764+05:30 INFO  [restartedMain] aero.airfi.qa.QaTestResultServiceApplication - Starting QaTestResultServiceApplication using Java 21.0.8 with PID 10422 (/Users/ranjankale/Documents/dashboard-project/qa-test-result-service/target/classes started by ranjankale in /Users/ranjankale/Documents/dashboard-project/qa-test-result-service)
2025-08-17T12:58:44.765+05:30 INFO  [restartedMain] aero.airfi.qa.QaTestResultServiceApplication - No active profile set, falling back to 1 default profile: "default"
2025-08-17T12:58:44.841+05:30 INFO  [restartedMain] org.apache.coyote.http11.Http11NioProtocol - Initializing ProtocolHandler ["http-nio-8080"]
2025-08-17T12:58:44.841+05:30 INFO  [restartedMain] org.apache.catalina.core.StandardService - Starting service [Tomcat]
2025-08-17T12:58:44.841+05:30 INFO  [restartedMain] org.apache.catalina.core.StandardEngine - Starting Servlet engine: [Apache Tomcat/10.1.43]
2025-08-17T12:58:44.844+05:30 INFO  [restartedMain] org.apache.catalina.core.ContainerBase.[Tomcat].[localhost].[/] - Initializing Spring embedded WebApplicationContext
2025-08-17T12:58:44.896+05:30 INFO  [restartedMain] org.apache.coyote.http11.Http11NioProtocol - Starting ProtocolHandler ["http-nio-8080"]
2025-08-17T12:58:44.897+05:30 INFO  [restartedMain] aero.airfi.qa.QaTestResultServiceApplication - Started QaTestResultServiceApplication in 0.148 seconds (process running for 2466.625)
2025-08-17T12:58:58.445+05:30 INFO  [tomcat-shutdown] org.apache.coyote.http11.Http11NioProtocol - Pausing ProtocolHandler ["http-nio-8080"]
2025-08-17T12:59:00.457+05:30 INFO  [Thread-31] org.apache.coyote.http11.Http11NioProtocol - Stopping ProtocolHandler ["http-nio-8080"]
2025-08-17T12:59:00.456+05:30 ERROR [http-nio-8080-Acceptor] org.apache.tomcat.util.net.Acceptor - Socket accept failed
java.nio.channels.AsynchronousCloseException: null
	at java.base/java.nio.channels.spi.AbstractInterruptibleChannel.end(AbstractInterruptibleChannel.java:203) ~[?:?]
	at java.base/sun.nio.ch.ServerSocketChannelImpl.end(ServerSocketChannelImpl.java:383) ~[?:?]
	at java.base/sun.nio.ch.ServerSocketChannelImpl.accept(ServerSocketChannelImpl.java:407) ~[?:?]
	at org.apache.tomcat.util.net.NioEndpoint.serverSocketAccept(NioEndpoint.java:537) ~[tomcat-embed-core-10.1.43.jar:10.1.43]
	at org.apache.tomcat.util.net.NioEndpoint.serverSocketAccept(NioEndpoint.java:72) ~[tomcat-embed-core-10.1.43.jar:10.1.43]
	at org.apache.tomcat.util.net.Acceptor.run(Acceptor.java:127) ~[tomcat-embed-core-10.1.43.jar:10.1.43]
	at java.base/java.lang.Thread.run(Thread.java:1583) [?:?]
2025-08-17T12:59:00.514+05:30 INFO  [restartedMain] aero.airfi.qa.QaTestResultServiceApplication - Starting QaTestResultServiceApplication using Java 21.0.8 with PID 10422 (/Users/ranjankale/Documents/dashboard-project/qa-test-result-service/target/classes started by ranjankale in /Users/ranjankale/Documents/dashboard-project/qa-test-result-service)
2025-08-17T12:59:00.515+05:30 INFO  [restartedMain] aero.airfi.qa.QaTestResultServiceApplication - No active profile set, falling back to 1 default profile: "default"
2025-08-17T12:59:00.575+05:30 INFO  [restartedMain] org.apache.coyote.http11.Http11NioProtocol - Initializing ProtocolHandler ["http-nio-8080"]
2025-08-17T12:59:00.575+05:30 INFO  [restartedMain] org.apache.catalina.core.StandardService - Starting service [Tomcat]
2025-08-17T12:59:00.575+05:30 INFO  [restartedMain] org.apache.catalina.core.StandardEngine - Starting Servlet engine: [Apache Tomcat/10.1.43]
2025-08-17T12:59:00.578+05:30 INFO  [restartedMain] org.apache.catalina.core.ContainerBase.[Tomcat].[localhost].[/] - Initializing Spring embedded WebApplicationContext
2025-08-17T12:59:00.623+05:30 INFO  [restartedMain] org.apache.coyote.http11.Http11NioProtocol - Starting ProtocolHandler ["http-nio-8080"]
2025-08-17T12:59:00.625+05:30 INFO  [restartedMain] aero.airfi.qa.QaTestResultServiceApplication - Started QaTestResultServiceApplication in 0.125 seconds (process running for 2482.353)
2025-08-17T12:59:03.052+05:30 INFO  [tomcat-shutdown] org.apache.coyote.http11.Http11NioProtocol - Pausing ProtocolHandler ["http-nio-8080"]
2025-08-17T12:59:05.057+05:30 INFO  [Thread-35] org.apache.coyote.http11.Http11NioProtocol - Stopping ProtocolHandler ["http-nio-8080"]
2025-08-17T12:59:05.057+05:30 ERROR [http-nio-8080-Acceptor] org.apache.tomcat.util.net.Acceptor - Socket accept failed
java.nio.channels.AsynchronousCloseException: null
	at java.base/java.nio.channels.spi.AbstractInterruptibleChannel.end(AbstractInterruptibleChannel.java:203) ~[?:?]
	at java.base/sun.nio.ch.ServerSocketChannelImpl.end(ServerSocketChannelImpl.java:383) ~[?:?]
	at java.base/sun.nio.ch.ServerSocketChannelImpl.accept(ServerSocketChannelImpl.java:407) ~[?:?]
	at org.apache.tomcat.util.net.NioEndpoint.serverSocketAccept(NioEndpoint.java:537) ~[tomcat-embed-core-10.1.43.jar:10.1.43]
	at org.apache.tomcat.util.net.NioEndpoint.serverSocketAccept(NioEndpoint.java:72) ~[tomcat-embed-core-10.1.43.jar:10.1.43]
	at org.apache.tomcat.util.net.Acceptor.run(Acceptor.java:127) ~[tomcat-embed-core-10.1.43.jar:10.1.43]
	at java.base/java.lang.Thread.run(Thread.java:1583) [?:?]
2025-08-17T12:59:05.098+05:30 INFO  [restartedMain] aero.airfi.qa.QaTestResultServiceApplication - Starting QaTestResultServiceApplication using Java 21.0.8 with PID 10422 (/Users/ranjankale/Documents/dashboard-project/qa-test-result-service/target/classes started by ranjankale in /Users/ranjankale/Documents/dashboard-project/qa-test-result-service)
2025-08-17T12:59:05.098+05:30 INFO  [restartedMain] aero.airfi.qa.QaTestResultServiceApplication - No active profile set, falling back to 1 default profile: "default"
2025-08-17T12:59:05.160+05:30 INFO  [restartedMain] org.apache.coyote.http11.Http11NioProtocol - Initializing ProtocolHandler ["http-nio-8080"]
2025-08-17T12:59:05.160+05:30 INFO  [restartedMain] org.apache.catalina.core.StandardService - Starting service [Tomcat]
2025-08-17T12:59:05.160+05:30 INFO  [restartedMain] org.apache.catalina.core.StandardEngine - Starting Servlet engine: [Apache Tomcat/10.1.43]
2025-08-17T12:59:05.164+05:30 INFO  [restartedMain] org.apache.catalina.core.ContainerBase.[Tomcat].[localhost].[/] - Initializing Spring embedded WebApplicationContext
2025-08-17T12:59:05.209+05:30 INFO  [restartedMain] org.apache.coyote.http11.Http11NioProtocol - Starting ProtocolHandler ["http-nio-8080"]
2025-08-17T12:59:05.211+05:30 INFO  [restartedMain] aero.airfi.qa.QaTestResultServiceApplication - Started QaTestResultServiceApplication in 0.124 seconds (process running for 2486.938)
2025-08-17T12:59:23.832+05:30 INFO  [tomcat-shutdown] org.apache.coyote.http11.Http11NioProtocol - Pausing ProtocolHandler ["http-nio-8080"]
2025-08-17T12:59:25.837+05:30 INFO  [Thread-39] org.apache.coyote.http11.Http11NioProtocol - Stopping ProtocolHandler ["http-nio-8080"]
2025-08-17T12:59:25.837+05:30 ERROR [http-nio-8080-Acceptor] org.apache.tomcat.util.net.Acceptor - Socket accept failed
java.nio.channels.AsynchronousCloseException: null
	at java.base/java.nio.channels.spi.AbstractInterruptibleChannel.end(AbstractInterruptibleChannel.java:203) ~[?:?]
	at java.base/sun.nio.ch.ServerSocketChannelImpl.end(ServerSocketChannelImpl.java:383) ~[?:?]
	at java.base/sun.nio.ch.ServerSocketChannelImpl.accept(ServerSocketChannelImpl.java:407) ~[?:?]
	at org.apache.tomcat.util.net.NioEndpoint.serverSocketAccept(NioEndpoint.java:537) ~[tomcat-embed-core-10.1.43.jar:10.1.43]
	at org.apache.tomcat.util.net.NioEndpoint.serverSocketAccept(NioEndpoint.java:72) ~[tomcat-embed-core-10.1.43.jar:10.1.43]
	at org.apache.tomcat.util.net.Acceptor.run(Acceptor.java:127) ~[tomcat-embed-core-10.1.43.jar:10.1.43]
	at java.base/java.lang.Thread.run(Thread.java:1583) [?:?]
2025-08-17T12:59:25.910+05:30 INFO  [restartedMain] aero.airfi.qa.QaTestResultServiceApplication - Starting QaTestResultServiceApplication using Java 21.0.8 with PID 10422 (/Users/ranjankale/Documents/dashboard-project/qa-test-result-service/target/classes started by ranjankale in /Users/ranjankale/Documents/dashboard-project/qa-test-result-service)
2025-08-17T12:59:25.910+05:30 INFO  [restartedMain] aero.airfi.qa.QaTestResultServiceApplication - No active profile set, falling back to 1 default profile: "default"
2025-08-17T12:59:25.982+05:30 INFO  [restartedMain] org.apache.coyote.http11.Http11NioProtocol - Initializing ProtocolHandler ["http-nio-8080"]
2025-08-17T12:59:25.982+05:30 INFO  [restartedMain] org.apache.catalina.core.StandardService - Starting service [Tomcat]
2025-08-17T12:59:25.982+05:30 INFO  [restartedMain] org.apache.catalina.core.StandardEngine - Starting Servlet engine: [Apache Tomcat/10.1.43]
2025-08-17T12:59:25.985+05:30 INFO  [restartedMain] org.apache.catalina.core.ContainerBase.[Tomcat].[localhost].[/] - Initializing Spring embedded WebApplicationContext
2025-08-17T12:59:26.096+05:30 INFO  [restartedMain] org.apache.coyote.http11.Http11NioProtocol - Starting ProtocolHandler ["http-nio-8080"]
2025-08-17T12:59:26.101+05:30 INFO  [restartedMain] aero.airfi.qa.QaTestResultServiceApplication - Started QaTestResultServiceApplication in 0.213 seconds (process running for 2507.829)
2025-08-17T12:59:29.529+05:30 INFO  [tomcat-shutdown] org.apache.coyote.http11.Http11NioProtocol - Pausing ProtocolHandler ["http-nio-8080"]
2025-08-17T12:59:31.535+05:30 INFO  [Thread-43] org.apache.coyote.http11.Http11NioProtocol - Stopping ProtocolHandler ["http-nio-8080"]
2025-08-17T12:59:31.534+05:30 ERROR [http-nio-8080-Acceptor] org.apache.tomcat.util.net.Acceptor - Socket accept failed
java.nio.channels.AsynchronousCloseException: null
	at java.base/java.nio.channels.spi.AbstractInterruptibleChannel.end(AbstractInterruptibleChannel.java:203) ~[?:?]
	at java.base/sun.nio.ch.ServerSocketChannelImpl.end(ServerSocketChannelImpl.java:383) ~[?:?]
	at java.base/sun.nio.ch.ServerSocketChannelImpl.accept(ServerSocketChannelImpl.java:407) ~[?:?]
	at org.apache.tomcat.util.net.NioEndpoint.serverSocketAccept(NioEndpoint.java:537) ~[tomcat-embed-core-10.1.43.jar:10.1.43]
	at org.apache.tomcat.util.net.NioEndpoint.serverSocketAccept(NioEndpoint.java:72) ~[tomcat-embed-core-10.1.43.jar:10.1.43]
	at org.apache.tomcat.util.net.Acceptor.run(Acceptor.java:127) ~[tomcat-embed-core-10.1.43.jar:10.1.43]
	at java.base/java.lang.Thread.run(Thread.java:1583) [?:?]
2025-08-17T12:59:31.581+05:30 INFO  [restartedMain] aero.airfi.qa.QaTestResultServiceApplication - Starting QaTestResultServiceApplication using Java 21.0.8 with PID 10422 (/Users/ranjankale/Documents/dashboard-project/qa-test-result-service/target/classes started by ranjankale in /Users/ranjankale/Documents/dashboard-project/qa-test-result-service)
2025-08-17T12:59:31.581+05:30 INFO  [restartedMain] aero.airfi.qa.QaTestResultServiceApplication - No active profile set, falling back to 1 default profile: "default"
2025-08-17T12:59:31.640+05:30 INFO  [restartedMain] org.apache.coyote.http11.Http11NioProtocol - Initializing ProtocolHandler ["http-nio-8080"]
2025-08-17T12:59:31.640+05:30 INFO  [restartedMain] org.apache.catalina.core.StandardService - Starting service [Tomcat]
2025-08-17T12:59:31.640+05:30 INFO  [restartedMain] org.apache.catalina.core.StandardEngine - Starting Servlet engine: [Apache Tomcat/10.1.43]
2025-08-17T12:59:31.643+05:30 INFO  [restartedMain] org.apache.catalina.core.ContainerBase.[Tomcat].[localhost].[/] - Initializing Spring embedded WebApplicationContext
2025-08-17T12:59:31.685+05:30 INFO  [restartedMain] org.apache.coyote.http11.Http11NioProtocol - Starting ProtocolHandler ["http-nio-8080"]
2025-08-17T12:59:31.686+05:30 INFO  [restartedMain] aero.airfi.qa.QaTestResultServiceApplication - Started QaTestResultServiceApplication in 0.117 seconds (process running for 2513.414)
2025-08-17T13:05:12.498+05:30 INFO  [background-preinit] org.hibernate.validator.internal.util.Version - HV000001: Hibernate Validator 8.0.2.Final
2025-08-17T13:05:12.515+05:30 INFO  [restartedMain] aero.airfi.qa.QaTestResultServiceApplication - Starting QaTestResultServiceApplication using Java 21.0.8 with PID 22639 (/Users/ranjankale/Documents/dashboard-project/qa-test-result-service/target/classes started by ranjankale in /Users/ranjankale/Documents/dashboard-project/qa-test-result-service)
2025-08-17T13:05:12.516+05:30 INFO  [restartedMain] aero.airfi.qa.QaTestResultServiceApplication - No active profile set, falling back to 1 default profile: "default"
2025-08-17T13:05:13.014+05:30 INFO  [restartedMain] org.apache.coyote.http11.Http11NioProtocol - Initializing ProtocolHandler ["http-nio-8080"]
2025-08-17T13:05:13.014+05:30 INFO  [restartedMain] org.apache.catalina.core.StandardService - Starting service [Tomcat]
2025-08-17T13:05:13.015+05:30 INFO  [restartedMain] org.apache.catalina.core.StandardEngine - Starting Servlet engine: [Apache Tomcat/10.1.43]
2025-08-17T13:05:13.034+05:30 INFO  [restartedMain] org.apache.catalina.core.ContainerBase.[Tomcat].[localhost].[/] - Initializing Spring embedded WebApplicationContext
2025-08-17T13:05:13.406+05:30 INFO  [restartedMain] org.apache.coyote.http11.Http11NioProtocol - Starting ProtocolHandler ["http-nio-8080"]
2025-08-17T13:05:13.418+05:30 INFO  [restartedMain] aero.airfi.qa.QaTestResultServiceApplication - Started QaTestResultServiceApplication in 1.038 seconds (process running for 1.37)
2025-08-17T13:05:26.136+05:30 INFO  [http-nio-8080-exec-1] org.apache.catalina.core.ContainerBase.[Tomcat].[localhost].[/] - Initializing Spring DispatcherServlet 'dispatcherServlet'
2025-08-17T13:05:26.493+05:30 INFO  [http-nio-8080-exec-9] org.springdoc.api.AbstractOpenApiResource - Init duration for springdoc-openapi is: 182 ms
2025-08-17T13:05:47.858+05:30 WARN  [http-nio-8080-exec-4] aero.airfi.qa.exception.GlobalExceptionHandler - Bad request path=/api/OC/test-results/OC%3A14070254-9272-4c6a-9164-28c2d9dd1bd1 message=Invalid value for query parameter 'status': 'fest'. Allowed values are PASS, FAIL, SKIP. Use ?status=PASS|FAIL|SKIP
2025-08-17T13:06:02.095+05:30 INFO  [http-nio-8080-exec-2] aero.airfi.qa.controller.TestMethodResultController - GET results by runId iata=OC runId=OC:14070254-9272-4c6a-9164-28c2d9dd1bd1, status=FAIL
2025-08-17T13:06:14.260+05:30 INFO  [http-nio-8080-exec-7] aero.airfi.qa.controller.TestMethodResultController - GET results by runId iata=OC runId=OC:14070254-9272-4c6a-9164-28c2d9dd1bd1, status=PASS
2025-08-17T13:06:27.329+05:30 INFO  [http-nio-8080-exec-1] aero.airfi.qa.controller.TestMethodResultController - GET results by runId iata=OC runId=OC:14070254-9272-4c6a-9164-28c2d9dd1bd1, status=SKIP
2025-08-17T13:06:27.334+05:30 WARN  [http-nio-8080-exec-1] aero.airfi.qa.exception.GlobalExceptionHandler - Resource not found path=/api/OC/test-results/OC%3A14070254-9272-4c6a-9164-28c2d9dd1bd1 message=No results for runId=OC:14070254-9272-4c6a-9164-28c2d9dd1bd1, status=SKIP, iata=OC
2025-08-17T13:18:50.914+05:30 INFO  [tomcat-shutdown] org.apache.coyote.http11.Http11NioProtocol - Pausing ProtocolHandler ["http-nio-8080"]
2025-08-17T13:18:52.924+05:30 INFO  [Thread-4] org.apache.coyote.http11.Http11NioProtocol - Stopping ProtocolHandler ["http-nio-8080"]
2025-08-17T13:18:52.924+05:30 ERROR [http-nio-8080-Acceptor] org.apache.tomcat.util.net.Acceptor - Socket accept failed
java.nio.channels.AsynchronousCloseException: null
	at java.base/java.nio.channels.spi.AbstractInterruptibleChannel.end(AbstractInterruptibleChannel.java:203) ~[?:?]
	at java.base/sun.nio.ch.ServerSocketChannelImpl.end(ServerSocketChannelImpl.java:383) ~[?:?]
	at java.base/sun.nio.ch.ServerSocketChannelImpl.accept(ServerSocketChannelImpl.java:407) ~[?:?]
	at org.apache.tomcat.util.net.NioEndpoint.serverSocketAccept(NioEndpoint.java:537) ~[tomcat-embed-core-10.1.43.jar:10.1.43]
	at org.apache.tomcat.util.net.NioEndpoint.serverSocketAccept(NioEndpoint.java:72) ~[tomcat-embed-core-10.1.43.jar:10.1.43]
	at org.apache.tomcat.util.net.Acceptor.run(Acceptor.java:127) ~[tomcat-embed-core-10.1.43.jar:10.1.43]
	at java.base/java.lang.Thread.run(Thread.java:1583) [?:?]
2025-08-17T13:18:53.007+05:30 INFO  [restartedMain] aero.airfi.qa.QaTestResultServiceApplication - Starting QaTestResultServiceApplication using Java 21.0.8 with PID 22639 (/Users/ranjankale/Documents/dashboard-project/qa-test-result-service/target/classes started by ranjankale in /Users/ranjankale/Documents/dashboard-project/qa-test-result-service)
2025-08-17T13:18:53.007+05:30 INFO  [restartedMain] aero.airfi.qa.QaTestResultServiceApplication - No active profile set, falling back to 1 default profile: "default"
2025-08-17T13:18:53.118+05:30 INFO  [restartedMain] org.apache.coyote.http11.Http11NioProtocol - Initializing ProtocolHandler ["http-nio-8080"]
2025-08-17T13:18:53.119+05:30 INFO  [restartedMain] org.apache.catalina.core.StandardService - Starting service [Tomcat]
2025-08-17T13:18:53.119+05:30 INFO  [restartedMain] org.apache.catalina.core.StandardEngine - Starting Servlet engine: [Apache Tomcat/10.1.43]
2025-08-17T13:18:53.124+05:30 INFO  [restartedMain] org.apache.catalina.core.ContainerBase.[Tomcat].[localhost].[/] - Initializing Spring embedded WebApplicationContext
2025-08-17T13:18:53.276+05:30 INFO  [restartedMain] org.apache.coyote.http11.Http11NioProtocol - Starting ProtocolHandler ["http-nio-8080"]
2025-08-17T13:18:53.279+05:30 INFO  [restartedMain] aero.airfi.qa.QaTestResultServiceApplication - Started QaTestResultServiceApplication in 0.296 seconds (process running for 811.789)
2025-08-17T13:18:56.716+05:30 INFO  [tomcat-shutdown] org.apache.coyote.http11.Http11NioProtocol - Pausing ProtocolHandler ["http-nio-8080"]
2025-08-17T13:18:58.724+05:30 INFO  [Thread-7] org.apache.coyote.http11.Http11NioProtocol - Stopping ProtocolHandler ["http-nio-8080"]
2025-08-17T13:18:58.723+05:30 ERROR [http-nio-8080-Acceptor] org.apache.tomcat.util.net.Acceptor - Socket accept failed
java.nio.channels.AsynchronousCloseException: null
	at java.base/java.nio.channels.spi.AbstractInterruptibleChannel.end(AbstractInterruptibleChannel.java:203) ~[?:?]
	at java.base/sun.nio.ch.ServerSocketChannelImpl.end(ServerSocketChannelImpl.java:383) ~[?:?]
	at java.base/sun.nio.ch.ServerSocketChannelImpl.accept(ServerSocketChannelImpl.java:407) ~[?:?]
	at org.apache.tomcat.util.net.NioEndpoint.serverSocketAccept(NioEndpoint.java:537) ~[tomcat-embed-core-10.1.43.jar:10.1.43]
	at org.apache.tomcat.util.net.NioEndpoint.serverSocketAccept(NioEndpoint.java:72) ~[tomcat-embed-core-10.1.43.jar:10.1.43]
	at org.apache.tomcat.util.net.Acceptor.run(Acceptor.java:127) ~[tomcat-embed-core-10.1.43.jar:10.1.43]
	at java.base/java.lang.Thread.run(Thread.java:1583) [?:?]
2025-08-17T13:18:58.802+05:30 INFO  [restartedMain] aero.airfi.qa.QaTestResultServiceApplication - Starting QaTestResultServiceApplication using Java 21.0.8 with PID 22639 (/Users/ranjankale/Documents/dashboard-project/qa-test-result-service/target/classes started by ranjankale in /Users/ranjankale/Documents/dashboard-project/qa-test-result-service)
2025-08-17T13:18:58.802+05:30 INFO  [restartedMain] aero.airfi.qa.QaTestResultServiceApplication - No active profile set, falling back to 1 default profile: "default"
2025-08-17T13:18:58.886+05:30 INFO  [restartedMain] org.apache.coyote.http11.Http11NioProtocol - Initializing ProtocolHandler ["http-nio-8080"]
2025-08-17T13:18:58.886+05:30 INFO  [restartedMain] org.apache.catalina.core.StandardService - Starting service [Tomcat]
2025-08-17T13:18:58.886+05:30 INFO  [restartedMain] org.apache.catalina.core.StandardEngine - Starting Servlet engine: [Apache Tomcat/10.1.43]
2025-08-17T13:18:58.890+05:30 INFO  [restartedMain] org.apache.catalina.core.ContainerBase.[Tomcat].[localhost].[/] - Initializing Spring embedded WebApplicationContext
2025-08-17T13:18:58.948+05:30 INFO  [restartedMain] org.apache.coyote.http11.Http11NioProtocol - Starting ProtocolHandler ["http-nio-8080"]
2025-08-17T13:18:58.950+05:30 INFO  [restartedMain] aero.airfi.qa.QaTestResultServiceApplication - Started QaTestResultServiceApplication in 0.164 seconds (process running for 817.46)
2025-08-17T13:19:08.979+05:30 INFO  [http-nio-8080-exec-1] org.apache.catalina.core.ContainerBase.[Tomcat].[localhost].[/] - Initializing Spring DispatcherServlet 'dispatcherServlet'
2025-08-17T13:19:08.985+05:30 INFO  [http-nio-8080-exec-1] aero.airfi.qa.controller.TestMethodResultController - GET results by runId iata=OC runId=OC:14070254-9272-4c6a-9164-28c2d9dd1bd1, status=SKIP
2025-08-17T13:19:15.907+05:30 INFO  [http-nio-8080-exec-3] aero.airfi.qa.controller.TestMethodResultController - GET results by runId iata=OC runId=OC:14070254-9272-4c6a-9164-28c2d9dd1bd1, status=PASS
2025-08-17T13:19:20.760+05:30 WARN  [http-nio-8080-exec-5] aero.airfi.qa.exception.GlobalExceptionHandler - Bad request path=/api/OC/test-results/OC%3A14070254-9272-4c6a-9164-28c2d9dd1bd1 message=Invalid value for query parameter 'status': 'passs'. Allowed values are PASS, FAIL, SKIP. Use ?status=PASS|FAIL|SKIP
2025-08-17T13:19:26.322+05:30 INFO  [http-nio-8080-exec-6] aero.airfi.qa.controller.TestMethodResultController - GET results by runId iata=OC runId=OC:14070254-9272-4c6a-9164-28c2d9dd1bd1, status=FAIL
2025-08-17T13:19:46.813+05:30 INFO  [tomcat-shutdown] org.apache.coyote.http11.Http11NioProtocol - Pausing ProtocolHandler ["http-nio-8080"]
2025-08-17T13:19:48.819+05:30 INFO  [Thread-11] org.apache.coyote.http11.Http11NioProtocol - Stopping ProtocolHandler ["http-nio-8080"]
2025-08-17T13:19:48.819+05:30 ERROR [http-nio-8080-Acceptor] org.apache.tomcat.util.net.Acceptor - Socket accept failed
java.nio.channels.AsynchronousCloseException: null
	at java.base/java.nio.channels.spi.AbstractInterruptibleChannel.end(AbstractInterruptibleChannel.java:203) ~[?:?]
	at java.base/sun.nio.ch.ServerSocketChannelImpl.end(ServerSocketChannelImpl.java:383) ~[?:?]
	at java.base/sun.nio.ch.ServerSocketChannelImpl.accept(ServerSocketChannelImpl.java:407) ~[?:?]
	at org.apache.tomcat.util.net.NioEndpoint.serverSocketAccept(NioEndpoint.java:537) ~[tomcat-embed-core-10.1.43.jar:10.1.43]
	at org.apache.tomcat.util.net.NioEndpoint.serverSocketAccept(NioEndpoint.java:72) ~[tomcat-embed-core-10.1.43.jar:10.1.43]
	at org.apache.tomcat.util.net.Acceptor.run(Acceptor.java:127) ~[tomcat-embed-core-10.1.43.jar:10.1.43]
	at java.base/java.lang.Thread.run(Thread.java:1583) [?:?]
2025-08-17T13:19:48.893+05:30 INFO  [restartedMain] aero.airfi.qa.QaTestResultServiceApplication - Starting QaTestResultServiceApplication using Java 21.0.8 with PID 22639 (/Users/ranjankale/Documents/dashboard-project/qa-test-result-service/target/classes started by ranjankale in /Users/ranjankale/Documents/dashboard-project/qa-test-result-service)
2025-08-17T13:19:48.893+05:30 INFO  [restartedMain] aero.airfi.qa.QaTestResultServiceApplication - No active profile set, falling back to 1 default profile: "default"
2025-08-17T13:19:48.986+05:30 INFO  [restartedMain] org.apache.coyote.http11.Http11NioProtocol - Initializing ProtocolHandler ["http-nio-8080"]
2025-08-17T13:19:48.986+05:30 INFO  [restartedMain] org.apache.catalina.core.StandardService - Starting service [Tomcat]
2025-08-17T13:19:48.986+05:30 INFO  [restartedMain] org.apache.catalina.core.StandardEngine - Starting Servlet engine: [Apache Tomcat/10.1.43]
2025-08-17T13:19:48.990+05:30 INFO  [restartedMain] org.apache.catalina.core.ContainerBase.[Tomcat].[localhost].[/] - Initializing Spring embedded WebApplicationContext
2025-08-17T13:19:49.047+05:30 INFO  [restartedMain] org.apache.coyote.http11.Http11NioProtocol - Starting ProtocolHandler ["http-nio-8080"]
2025-08-17T13:19:49.050+05:30 INFO  [restartedMain] aero.airfi.qa.QaTestResultServiceApplication - Started QaTestResultServiceApplication in 0.179 seconds (process running for 867.56)
2025-08-17T13:19:51.475+05:30 INFO  [tomcat-shutdown] org.apache.coyote.http11.Http11NioProtocol - Pausing ProtocolHandler ["http-nio-8080"]
2025-08-17T13:19:53.481+05:30 INFO  [Thread-15] org.apache.coyote.http11.Http11NioProtocol - Stopping ProtocolHandler ["http-nio-8080"]
2025-08-17T13:19:53.480+05:30 ERROR [http-nio-8080-Acceptor] org.apache.tomcat.util.net.Acceptor - Socket accept failed
java.nio.channels.AsynchronousCloseException: null
	at java.base/java.nio.channels.spi.AbstractInterruptibleChannel.end(AbstractInterruptibleChannel.java:203) ~[?:?]
	at java.base/sun.nio.ch.ServerSocketChannelImpl.end(ServerSocketChannelImpl.java:383) ~[?:?]
	at java.base/sun.nio.ch.ServerSocketChannelImpl.accept(ServerSocketChannelImpl.java:407) ~[?:?]
	at org.apache.tomcat.util.net.NioEndpoint.serverSocketAccept(NioEndpoint.java:537) ~[tomcat-embed-core-10.1.43.jar:10.1.43]
	at org.apache.tomcat.util.net.NioEndpoint.serverSocketAccept(NioEndpoint.java:72) ~[tomcat-embed-core-10.1.43.jar:10.1.43]
	at org.apache.tomcat.util.net.Acceptor.run(Acceptor.java:127) ~[tomcat-embed-core-10.1.43.jar:10.1.43]
	at java.base/java.lang.Thread.run(Thread.java:1583) [?:?]
2025-08-17T13:19:53.526+05:30 INFO  [restartedMain] aero.airfi.qa.QaTestResultServiceApplication - Starting QaTestResultServiceApplication using Java 21.0.8 with PID 22639 (/Users/ranjankale/Documents/dashboard-project/qa-test-result-service/target/classes started by ranjankale in /Users/ranjankale/Documents/dashboard-project/qa-test-result-service)
2025-08-17T13:19:53.526+05:30 INFO  [restartedMain] aero.airfi.qa.QaTestResultServiceApplication - No active profile set, falling back to 1 default profile: "default"
2025-08-17T13:19:53.599+05:30 INFO  [restartedMain] org.apache.coyote.http11.Http11NioProtocol - Initializing ProtocolHandler ["http-nio-8080"]
2025-08-17T13:19:53.599+05:30 INFO  [restartedMain] org.apache.catalina.core.StandardService - Starting service [Tomcat]
2025-08-17T13:19:53.599+05:30 INFO  [restartedMain] org.apache.catalina.core.StandardEngine - Starting Servlet engine: [Apache Tomcat/10.1.43]
2025-08-17T13:19:53.602+05:30 INFO  [restartedMain] org.apache.catalina.core.ContainerBase.[Tomcat].[localhost].[/] - Initializing Spring embedded WebApplicationContext
2025-08-17T13:19:53.653+05:30 INFO  [restartedMain] org.apache.coyote.http11.Http11NioProtocol - Starting ProtocolHandler ["http-nio-8080"]
2025-08-17T13:19:53.655+05:30 INFO  [restartedMain] aero.airfi.qa.QaTestResultServiceApplication - Started QaTestResultServiceApplication in 0.141 seconds (process running for 872.165)
2025-08-17T13:19:55.067+05:30 INFO  [tomcat-shutdown] org.apache.coyote.http11.Http11NioProtocol - Pausing ProtocolHandler ["http-nio-8080"]
2025-08-17T13:19:57.074+05:30 ERROR [http-nio-8080-Acceptor] org.apache.tomcat.util.net.Acceptor - Socket accept failed
java.nio.channels.AsynchronousCloseException: null
	at java.base/java.nio.channels.spi.AbstractInterruptibleChannel.end(AbstractInterruptibleChannel.java:203) ~[?:?]
	at java.base/sun.nio.ch.ServerSocketChannelImpl.end(ServerSocketChannelImpl.java:383) ~[?:?]
	at java.base/sun.nio.ch.ServerSocketChannelImpl.accept(ServerSocketChannelImpl.java:407) ~[?:?]
	at org.apache.tomcat.util.net.NioEndpoint.serverSocketAccept(NioEndpoint.java:537) ~[tomcat-embed-core-10.1.43.jar:10.1.43]
	at org.apache.tomcat.util.net.NioEndpoint.serverSocketAccept(NioEndpoint.java:72) ~[tomcat-embed-core-10.1.43.jar:10.1.43]
	at org.apache.tomcat.util.net.Acceptor.run(Acceptor.java:127) ~[tomcat-embed-core-10.1.43.jar:10.1.43]
	at java.base/java.lang.Thread.run(Thread.java:1583) [?:?]
2025-08-17T13:19:57.075+05:30 INFO  [Thread-19] org.apache.coyote.http11.Http11NioProtocol - Stopping ProtocolHandler ["http-nio-8080"]
2025-08-17T13:19:57.140+05:30 INFO  [restartedMain] aero.airfi.qa.QaTestResultServiceApplication - Starting QaTestResultServiceApplication using Java 21.0.8 with PID 22639 (/Users/ranjankale/Documents/dashboard-project/qa-test-result-service/target/classes started by ranjankale in /Users/ranjankale/Documents/dashboard-project/qa-test-result-service)
2025-08-17T13:19:57.141+05:30 INFO  [restartedMain] aero.airfi.qa.QaTestResultServiceApplication - No active profile set, falling back to 1 default profile: "default"
2025-08-17T13:19:57.207+05:30 INFO  [restartedMain] org.apache.coyote.http11.Http11NioProtocol - Initializing ProtocolHandler ["http-nio-8080"]
2025-08-17T13:19:57.207+05:30 INFO  [restartedMain] org.apache.catalina.core.StandardService - Starting service [Tomcat]
2025-08-17T13:19:57.207+05:30 INFO  [restartedMain] org.apache.catalina.core.StandardEngine - Starting Servlet engine: [Apache Tomcat/10.1.43]
2025-08-17T13:19:57.210+05:30 INFO  [restartedMain] org.apache.catalina.core.ContainerBase.[Tomcat].[localhost].[/] - Initializing Spring embedded WebApplicationContext
2025-08-17T13:19:57.256+05:30 INFO  [restartedMain] org.apache.coyote.http11.Http11NioProtocol - Starting ProtocolHandler ["http-nio-8080"]
2025-08-17T13:19:57.258+05:30 INFO  [restartedMain] aero.airfi.qa.QaTestResultServiceApplication - Started QaTestResultServiceApplication in 0.131 seconds (process running for 875.768)
2025-08-17T13:19:58.668+05:30 INFO  [tomcat-shutdown] org.apache.coyote.http11.Http11NioProtocol - Pausing ProtocolHandler ["http-nio-8080"]
2025-08-17T13:20:00.676+05:30 ERROR [http-nio-8080-Acceptor] org.apache.tomcat.util.net.Acceptor - Socket accept failed
java.nio.channels.AsynchronousCloseException: null
	at java.base/java.nio.channels.spi.AbstractInterruptibleChannel.end(AbstractInterruptibleChannel.java:203) ~[?:?]
	at java.base/sun.nio.ch.ServerSocketChannelImpl.end(ServerSocketChannelImpl.java:383) ~[?:?]
	at java.base/sun.nio.ch.ServerSocketChannelImpl.accept(ServerSocketChannelImpl.java:407) ~[?:?]
	at org.apache.tomcat.util.net.NioEndpoint.serverSocketAccept(NioEndpoint.java:537) ~[tomcat-embed-core-10.1.43.jar:10.1.43]
	at org.apache.tomcat.util.net.NioEndpoint.serverSocketAccept(NioEndpoint.java:72) ~[tomcat-embed-core-10.1.43.jar:10.1.43]
	at org.apache.tomcat.util.net.Acceptor.run(Acceptor.java:127) ~[tomcat-embed-core-10.1.43.jar:10.1.43]
	at java.base/java.lang.Thread.run(Thread.java:1583) [?:?]
2025-08-17T13:20:00.677+05:30 INFO  [Thread-23] org.apache.coyote.http11.Http11NioProtocol - Stopping ProtocolHandler ["http-nio-8080"]
2025-08-17T13:20:00.719+05:30 INFO  [restartedMain] aero.airfi.qa.QaTestResultServiceApplication - Starting QaTestResultServiceApplication using Java 21.0.8 with PID 22639 (/Users/ranjankale/Documents/dashboard-project/qa-test-result-service/target/classes started by ranjankale in /Users/ranjankale/Documents/dashboard-project/qa-test-result-service)
2025-08-17T13:20:00.719+05:30 INFO  [restartedMain] aero.airfi.qa.QaTestResultServiceApplication - No active profile set, falling back to 1 default profile: "default"
2025-08-17T13:20:00.787+05:30 INFO  [restartedMain] org.apache.coyote.http11.Http11NioProtocol - Initializing ProtocolHandler ["http-nio-8080"]
2025-08-17T13:20:00.787+05:30 INFO  [restartedMain] org.apache.catalina.core.StandardService - Starting service [Tomcat]
2025-08-17T13:20:00.787+05:30 INFO  [restartedMain] org.apache.catalina.core.StandardEngine - Starting Servlet engine: [Apache Tomcat/10.1.43]
2025-08-17T13:20:00.791+05:30 INFO  [restartedMain] org.apache.catalina.core.ContainerBase.[Tomcat].[localhost].[/] - Initializing Spring embedded WebApplicationContext
2025-08-17T13:20:00.834+05:30 INFO  [restartedMain] org.apache.coyote.http11.Http11NioProtocol - Starting ProtocolHandler ["http-nio-8080"]
2025-08-17T13:20:00.838+05:30 INFO  [restartedMain] aero.airfi.qa.QaTestResultServiceApplication - Started QaTestResultServiceApplication in 0.132 seconds (process running for 879.348)
2025-08-17T13:20:34.431+05:30 INFO  [http-nio-8080-exec-1] org.apache.catalina.core.ContainerBase.[Tomcat].[localhost].[/] - Initializing Spring DispatcherServlet 'dispatcherServlet'
2025-08-17T13:20:34.669+05:30 INFO  [http-nio-8080-exec-4] org.springdoc.api.AbstractOpenApiResource - Init duration for springdoc-openapi is: 87 ms
2025-08-17T13:23:32.721+05:30 INFO  [background-preinit] org.hibernate.validator.internal.util.Version - HV000001: Hibernate Validator 8.0.2.Final
2025-08-17T13:23:32.737+05:30 INFO  [restartedMain] aero.airfi.qa.QaTestResultServiceApplication - Starting QaTestResultServiceApplication using Java 21.0.8 with PID 27385 (/Users/ranjankale/Documents/dashboard-project/qa-test-result-service/target/classes started by ranjankale in /Users/ranjankale/Documents/dashboard-project/qa-test-result-service)
2025-08-17T13:23:32.739+05:30 INFO  [restartedMain] aero.airfi.qa.QaTestResultServiceApplication - No active profile set, falling back to 1 default profile: "default"
2025-08-17T13:23:33.332+05:30 INFO  [restartedMain] org.apache.coyote.http11.Http11NioProtocol - Initializing ProtocolHandler ["http-nio-8080"]
2025-08-17T13:23:33.333+05:30 INFO  [restartedMain] org.apache.catalina.core.StandardService - Starting service [Tomcat]
2025-08-17T13:23:33.333+05:30 INFO  [restartedMain] org.apache.catalina.core.StandardEngine - Starting Servlet engine: [Apache Tomcat/10.1.43]
2025-08-17T13:23:33.350+05:30 INFO  [restartedMain] org.apache.catalina.core.ContainerBase.[Tomcat].[localhost].[/] - Initializing Spring embedded WebApplicationContext
2025-08-17T13:23:33.728+05:30 INFO  [restartedMain] org.apache.coyote.http11.Http11NioProtocol - Starting ProtocolHandler ["http-nio-8080"]
2025-08-17T13:23:33.741+05:30 INFO  [restartedMain] aero.airfi.qa.QaTestResultServiceApplication - Started QaTestResultServiceApplication in 1.141 seconds (process running for 1.502)
2025-08-17T13:24:30.330+05:30 INFO  [http-nio-8080-exec-1] org.apache.catalina.core.ContainerBase.[Tomcat].[localhost].[/] - Initializing Spring DispatcherServlet 'dispatcherServlet'
2025-08-17T13:24:30.687+05:30 INFO  [http-nio-8080-exec-4] org.springdoc.api.AbstractOpenApiResource - Init duration for springdoc-openapi is: 179 ms
2025-08-17T13:25:28.798+05:30 INFO  [http-nio-8080-exec-7] aero.airfi.qa.controller.TestMethodResultController - GET results by feature iata=OC runId=OC:14070254-9272-4c6a-9164-28c2d9dd1bd1 feature=Pax Registration, status=PASS
2025-08-17T13:25:54.702+05:30 INFO  [http-nio-8080-exec-9] aero.airfi.qa.controller.TestMethodResultController - GET results by feature iata=OC runId=OC:14070254-9272-4c6a-9164-28c2d9dd1bd1 feature=Games, status=FAIL
2025-08-17T13:26:01.925+05:30 INFO  [http-nio-8080-exec-1] aero.airfi.qa.controller.TestMethodResultController - GET results by feature iata=OC runId=OC:14070254-9272-4c6a-9164-28c2d9dd1bd1 feature=Games, status=PASS
2025-08-17T13:26:19.818+05:30 INFO  [http-nio-8080-exec-3] aero.airfi.qa.controller.TestMethodResultController - GET results by suiteType iata=OC runId=OC:14070254-9272-4c6a-9164-28c2d9dd1bd1 suiteType=pax, status=FAIL
2025-08-17T13:26:25.953+05:30 INFO  [http-nio-8080-exec-6] aero.airfi.qa.controller.TestMethodResultController - GET results by suiteType iata=OC runId=OC:14070254-9272-4c6a-9164-28c2d9dd1bd1 suiteType=pax, status=SKIP
2025-08-17T13:26:25.960+05:30 WARN  [http-nio-8080-exec-6] aero.airfi.qa.exception.GlobalExceptionHandler - Resource not found path=/api/OC/test-results/suite/pax message=No results for runId=OC:14070254-9272-4c6a-9164-28c2d9dd1bd1, suiteType=pax, status=SKIP, iata=OC
2025-08-17T13:26:32.163+05:30 INFO  [http-nio-8080-exec-7] aero.airfi.qa.controller.TestMethodResultController - GET results by suiteType iata=OC runId=OC:14070254-9272-4c6a-9164-28c2d9dd1bd1 suiteType=pax, status=FAIL
2025-08-17T13:26:35.247+05:30 INFO  [http-nio-8080-exec-8] aero.airfi.qa.controller.TestMethodResultController - GET results by suiteType iata=OC runId=OC:14070254-9272-4c6a-9164-28c2d9dd1bd1 suiteType=pax, status=PASS
2025-08-17T13:26:40.308+05:30 INFO  [http-nio-8080-exec-10] aero.airfi.qa.controller.TestMethodResultController - GET results by suiteType iata=OC runId=OC:14070254-9272-4c6a-9164-28c2d9dd1bd1 suiteType=pax1, status=PASS
2025-08-17T13:26:40.313+05:30 WARN  [http-nio-8080-exec-10] aero.airfi.qa.exception.GlobalExceptionHandler - Resource not found path=/api/OC/test-results/suite/pax1 message=No results for runId=OC:14070254-9272-4c6a-9164-28c2d9dd1bd1, suiteType=pax1, status=PASS, iata=OC
2025-08-17T13:27:23.560+05:30 INFO  [tomcat-shutdown] org.apache.coyote.http11.Http11NioProtocol - Pausing ProtocolHandler ["http-nio-8080"]
2025-08-17T13:27:25.576+05:30 INFO  [Thread-4] org.apache.coyote.http11.Http11NioProtocol - Stopping ProtocolHandler ["http-nio-8080"]
2025-08-17T13:27:25.575+05:30 ERROR [http-nio-8080-Acceptor] org.apache.tomcat.util.net.Acceptor - Socket accept failed
java.nio.channels.AsynchronousCloseException: null
	at java.base/java.nio.channels.spi.AbstractInterruptibleChannel.end(AbstractInterruptibleChannel.java:203) ~[?:?]
	at java.base/sun.nio.ch.ServerSocketChannelImpl.end(ServerSocketChannelImpl.java:383) ~[?:?]
	at java.base/sun.nio.ch.ServerSocketChannelImpl.accept(ServerSocketChannelImpl.java:407) ~[?:?]
	at org.apache.tomcat.util.net.NioEndpoint.serverSocketAccept(NioEndpoint.java:537) ~[tomcat-embed-core-10.1.43.jar:10.1.43]
	at org.apache.tomcat.util.net.NioEndpoint.serverSocketAccept(NioEndpoint.java:72) ~[tomcat-embed-core-10.1.43.jar:10.1.43]
	at org.apache.tomcat.util.net.Acceptor.run(Acceptor.java:127) ~[tomcat-embed-core-10.1.43.jar:10.1.43]
	at java.base/java.lang.Thread.run(Thread.java:1583) [?:?]
2025-08-17T13:27:25.672+05:30 INFO  [restartedMain] aero.airfi.qa.QaTestResultServiceApplication - Starting QaTestResultServiceApplication using Java 21.0.8 with PID 27385 (/Users/ranjankale/Documents/dashboard-project/qa-test-result-service/target/classes started by ranjankale in /Users/ranjankale/Documents/dashboard-project/qa-test-result-service)
2025-08-17T13:27:25.673+05:30 INFO  [restartedMain] aero.airfi.qa.QaTestResultServiceApplication - No active profile set, falling back to 1 default profile: "default"
2025-08-17T13:27:25.771+05:30 INFO  [restartedMain] org.apache.coyote.http11.Http11NioProtocol - Initializing ProtocolHandler ["http-nio-8080"]
2025-08-17T13:27:25.771+05:30 INFO  [restartedMain] org.apache.catalina.core.StandardService - Starting service [Tomcat]
2025-08-17T13:27:25.771+05:30 INFO  [restartedMain] org.apache.catalina.core.StandardEngine - Starting Servlet engine: [Apache Tomcat/10.1.43]
2025-08-17T13:27:25.776+05:30 INFO  [restartedMain] org.apache.catalina.core.ContainerBase.[Tomcat].[localhost].[/] - Initializing Spring embedded WebApplicationContext
2025-08-17T13:27:25.886+05:30 INFO  [restartedMain] org.apache.coyote.http11.Http11NioProtocol - Starting ProtocolHandler ["http-nio-8080"]
2025-08-17T13:27:25.888+05:30 INFO  [restartedMain] aero.airfi.qa.QaTestResultServiceApplication - Started QaTestResultServiceApplication in 0.236 seconds (process running for 233.65)
2025-08-17T13:27:34.312+05:30 INFO  [http-nio-8080-exec-1] org.apache.catalina.core.ContainerBase.[Tomcat].[localhost].[/] - Initializing Spring DispatcherServlet 'dispatcherServlet'
2025-08-17T13:27:34.318+05:30 INFO  [http-nio-8080-exec-1] aero.airfi.qa.controller.TestMethodResultController - GET results by suiteType iata=OC runId=OC:14070254-9272-4c6a-9164-28c2d9dd1bd1 suiteType=pax, status=SKIP
2025-08-17T13:27:53.582+05:30 INFO  [tomcat-shutdown] org.apache.coyote.http11.Http11NioProtocol - Pausing ProtocolHandler ["http-nio-8080"]
2025-08-17T13:27:55.592+05:30 ERROR [http-nio-8080-Acceptor] org.apache.tomcat.util.net.Acceptor - Socket accept failed
java.nio.channels.AsynchronousCloseException: null
	at java.base/java.nio.channels.spi.AbstractInterruptibleChannel.end(AbstractInterruptibleChannel.java:203) ~[?:?]
	at java.base/sun.nio.ch.ServerSocketChannelImpl.end(ServerSocketChannelImpl.java:383) ~[?:?]
	at java.base/sun.nio.ch.ServerSocketChannelImpl.accept(ServerSocketChannelImpl.java:407) ~[?:?]
	at org.apache.tomcat.util.net.NioEndpoint.serverSocketAccept(NioEndpoint.java:537) ~[tomcat-embed-core-10.1.43.jar:10.1.43]
	at org.apache.tomcat.util.net.NioEndpoint.serverSocketAccept(NioEndpoint.java:72) ~[tomcat-embed-core-10.1.43.jar:10.1.43]
	at org.apache.tomcat.util.net.Acceptor.run(Acceptor.java:127) ~[tomcat-embed-core-10.1.43.jar:10.1.43]
	at java.base/java.lang.Thread.run(Thread.java:1583) [?:?]
2025-08-17T13:27:55.593+05:30 INFO  [Thread-7] org.apache.coyote.http11.Http11NioProtocol - Stopping ProtocolHandler ["http-nio-8080"]
2025-08-17T13:27:55.671+05:30 INFO  [restartedMain] aero.airfi.qa.QaTestResultServiceApplication - Starting QaTestResultServiceApplication using Java 21.0.8 with PID 27385 (/Users/ranjankale/Documents/dashboard-project/qa-test-result-service/target/classes started by ranjankale in /Users/ranjankale/Documents/dashboard-project/qa-test-result-service)
2025-08-17T13:27:55.671+05:30 INFO  [restartedMain] aero.airfi.qa.QaTestResultServiceApplication - No active profile set, falling back to 1 default profile: "default"
2025-08-17T13:27:55.749+05:30 INFO  [restartedMain] org.apache.coyote.http11.Http11NioProtocol - Initializing ProtocolHandler ["http-nio-8080"]
2025-08-17T13:27:55.749+05:30 INFO  [restartedMain] org.apache.catalina.core.StandardService - Starting service [Tomcat]
2025-08-17T13:27:55.749+05:30 INFO  [restartedMain] org.apache.catalina.core.StandardEngine - Starting Servlet engine: [Apache Tomcat/10.1.43]
2025-08-17T13:27:55.752+05:30 INFO  [restartedMain] org.apache.catalina.core.ContainerBase.[Tomcat].[localhost].[/] - Initializing Spring embedded WebApplicationContext
2025-08-17T13:27:55.804+05:30 INFO  [restartedMain] org.apache.coyote.http11.Http11NioProtocol - Starting ProtocolHandler ["http-nio-8080"]
2025-08-17T13:27:55.806+05:30 INFO  [restartedMain] aero.airfi.qa.QaTestResultServiceApplication - Started QaTestResultServiceApplication in 0.151 seconds (process running for 263.568)
2025-08-17T13:27:56.623+05:30 INFO  [http-nio-8080-exec-1] org.apache.catalina.core.ContainerBase.[Tomcat].[localhost].[/] - Initializing Spring DispatcherServlet 'dispatcherServlet'
2025-08-17T13:27:56.817+05:30 INFO  [http-nio-8080-exec-4] org.springdoc.api.AbstractOpenApiResource - Init duration for springdoc-openapi is: 64 ms
2025-08-17T13:29:56.530+05:30 INFO  [tomcat-shutdown] org.apache.coyote.http11.Http11NioProtocol - Pausing ProtocolHandler ["http-nio-8080"]
2025-08-17T13:29:58.538+05:30 INFO  [Thread-11] org.apache.coyote.http11.Http11NioProtocol - Stopping ProtocolHandler ["http-nio-8080"]
2025-08-17T13:29:58.537+05:30 ERROR [http-nio-8080-Acceptor] org.apache.tomcat.util.net.Acceptor - Socket accept failed
java.nio.channels.AsynchronousCloseException: null
	at java.base/java.nio.channels.spi.AbstractInterruptibleChannel.end(AbstractInterruptibleChannel.java:203) ~[?:?]
	at java.base/sun.nio.ch.ServerSocketChannelImpl.end(ServerSocketChannelImpl.java:383) ~[?:?]
	at java.base/sun.nio.ch.ServerSocketChannelImpl.accept(ServerSocketChannelImpl.java:407) ~[?:?]
	at org.apache.tomcat.util.net.NioEndpoint.serverSocketAccept(NioEndpoint.java:537) ~[tomcat-embed-core-10.1.43.jar:10.1.43]
	at org.apache.tomcat.util.net.NioEndpoint.serverSocketAccept(NioEndpoint.java:72) ~[tomcat-embed-core-10.1.43.jar:10.1.43]
	at org.apache.tomcat.util.net.Acceptor.run(Acceptor.java:127) ~[tomcat-embed-core-10.1.43.jar:10.1.43]
	at java.base/java.lang.Thread.run(Thread.java:1583) [?:?]
2025-08-17T13:29:58.628+05:30 INFO  [restartedMain] aero.airfi.qa.QaTestResultServiceApplication - Starting QaTestResultServiceApplication using Java 21.0.8 with PID 27385 (/Users/ranjankale/Documents/dashboard-project/qa-test-result-service/target/classes started by ranjankale in /Users/ranjankale/Documents/dashboard-project/qa-test-result-service)
2025-08-17T13:29:58.628+05:30 INFO  [restartedMain] aero.airfi.qa.QaTestResultServiceApplication - No active profile set, falling back to 1 default profile: "default"
2025-08-17T13:29:58.712+05:30 INFO  [restartedMain] org.apache.coyote.http11.Http11NioProtocol - Initializing ProtocolHandler ["http-nio-8080"]
2025-08-17T13:29:58.713+05:30 INFO  [restartedMain] org.apache.catalina.core.StandardService - Starting service [Tomcat]
2025-08-17T13:29:58.713+05:30 INFO  [restartedMain] org.apache.catalina.core.StandardEngine - Starting Servlet engine: [Apache Tomcat/10.1.43]
2025-08-17T13:29:58.716+05:30 INFO  [restartedMain] org.apache.catalina.core.ContainerBase.[Tomcat].[localhost].[/] - Initializing Spring embedded WebApplicationContext
2025-08-17T13:29:58.771+05:30 INFO  [restartedMain] org.apache.coyote.http11.Http11NioProtocol - Starting ProtocolHandler ["http-nio-8080"]
2025-08-17T13:29:58.773+05:30 INFO  [restartedMain] aero.airfi.qa.QaTestResultServiceApplication - Started QaTestResultServiceApplication in 0.162 seconds (process running for 386.534)
2025-08-17T13:30:00.195+05:30 INFO  [tomcat-shutdown] org.apache.coyote.http11.Http11NioProtocol - Pausing ProtocolHandler ["http-nio-8080"]
2025-08-17T13:30:02.203+05:30 ERROR [http-nio-8080-Acceptor] org.apache.tomcat.util.net.Acceptor - Socket accept failed
java.nio.channels.AsynchronousCloseException: null
	at java.base/java.nio.channels.spi.AbstractInterruptibleChannel.end(AbstractInterruptibleChannel.java:203) ~[?:?]
	at java.base/sun.nio.ch.ServerSocketChannelImpl.end(ServerSocketChannelImpl.java:383) ~[?:?]
	at java.base/sun.nio.ch.ServerSocketChannelImpl.accept(ServerSocketChannelImpl.java:407) ~[?:?]
	at org.apache.tomcat.util.net.NioEndpoint.serverSocketAccept(NioEndpoint.java:537) ~[tomcat-embed-core-10.1.43.jar:10.1.43]
	at org.apache.tomcat.util.net.NioEndpoint.serverSocketAccept(NioEndpoint.java:72) ~[tomcat-embed-core-10.1.43.jar:10.1.43]
	at org.apache.tomcat.util.net.Acceptor.run(Acceptor.java:127) ~[tomcat-embed-core-10.1.43.jar:10.1.43]
	at java.base/java.lang.Thread.run(Thread.java:1583) [?:?]
2025-08-17T13:30:02.203+05:30 INFO  [Thread-15] org.apache.coyote.http11.Http11NioProtocol - Stopping ProtocolHandler ["http-nio-8080"]
2025-08-17T13:30:02.246+05:30 INFO  [restartedMain] aero.airfi.qa.QaTestResultServiceApplication - Starting QaTestResultServiceApplication using Java 21.0.8 with PID 27385 (/Users/ranjankale/Documents/dashboard-project/qa-test-result-service/target/classes started by ranjankale in /Users/ranjankale/Documents/dashboard-project/qa-test-result-service)
2025-08-17T13:30:02.246+05:30 INFO  [restartedMain] aero.airfi.qa.QaTestResultServiceApplication - No active profile set, falling back to 1 default profile: "default"
2025-08-17T13:30:02.314+05:30 INFO  [restartedMain] org.apache.coyote.http11.Http11NioProtocol - Initializing ProtocolHandler ["http-nio-8080"]
2025-08-17T13:30:02.314+05:30 INFO  [restartedMain] org.apache.catalina.core.StandardService - Starting service [Tomcat]
2025-08-17T13:30:02.314+05:30 INFO  [restartedMain] org.apache.catalina.core.StandardEngine - Starting Servlet engine: [Apache Tomcat/10.1.43]
2025-08-17T13:30:02.317+05:30 INFO  [restartedMain] org.apache.catalina.core.ContainerBase.[Tomcat].[localhost].[/] - Initializing Spring embedded WebApplicationContext
2025-08-17T13:30:02.365+05:30 INFO  [restartedMain] org.apache.coyote.http11.Http11NioProtocol - Starting ProtocolHandler ["http-nio-8080"]
2025-08-17T13:30:02.367+05:30 INFO  [restartedMain] aero.airfi.qa.QaTestResultServiceApplication - Started QaTestResultServiceApplication in 0.133 seconds (process running for 390.129)
2025-08-17T13:30:04.792+05:30 INFO  [tomcat-shutdown] org.apache.coyote.http11.Http11NioProtocol - Pausing ProtocolHandler ["http-nio-8080"]
2025-08-17T13:30:06.800+05:30 INFO  [Thread-19] org.apache.coyote.http11.Http11NioProtocol - Stopping ProtocolHandler ["http-nio-8080"]
2025-08-17T13:30:06.799+05:30 ERROR [http-nio-8080-Acceptor] org.apache.tomcat.util.net.Acceptor - Socket accept failed
java.nio.channels.AsynchronousCloseException: null
	at java.base/java.nio.channels.spi.AbstractInterruptibleChannel.end(AbstractInterruptibleChannel.java:203) ~[?:?]
	at java.base/sun.nio.ch.ServerSocketChannelImpl.end(ServerSocketChannelImpl.java:383) ~[?:?]
	at java.base/sun.nio.ch.ServerSocketChannelImpl.accept(ServerSocketChannelImpl.java:407) ~[?:?]
	at org.apache.tomcat.util.net.NioEndpoint.serverSocketAccept(NioEndpoint.java:537) ~[tomcat-embed-core-10.1.43.jar:10.1.43]
	at org.apache.tomcat.util.net.NioEndpoint.serverSocketAccept(NioEndpoint.java:72) ~[tomcat-embed-core-10.1.43.jar:10.1.43]
	at org.apache.tomcat.util.net.Acceptor.run(Acceptor.java:127) ~[tomcat-embed-core-10.1.43.jar:10.1.43]
	at java.base/java.lang.Thread.run(Thread.java:1583) [?:?]
2025-08-17T13:30:06.873+05:30 INFO  [restartedMain] aero.airfi.qa.QaTestResultServiceApplication - Starting QaTestResultServiceApplication using Java 21.0.8 with PID 27385 (/Users/ranjankale/Documents/dashboard-project/qa-test-result-service/target/classes started by ranjankale in /Users/ranjankale/Documents/dashboard-project/qa-test-result-service)
2025-08-17T13:30:06.874+05:30 INFO  [restartedMain] aero.airfi.qa.QaTestResultServiceApplication - No active profile set, falling back to 1 default profile: "default"
2025-08-17T13:30:06.937+05:30 INFO  [restartedMain] org.apache.coyote.http11.Http11NioProtocol - Initializing ProtocolHandler ["http-nio-8080"]
2025-08-17T13:30:06.937+05:30 INFO  [restartedMain] org.apache.catalina.core.StandardService - Starting service [Tomcat]
2025-08-17T13:30:06.937+05:30 INFO  [restartedMain] org.apache.catalina.core.StandardEngine - Starting Servlet engine: [Apache Tomcat/10.1.43]
2025-08-17T13:30:06.940+05:30 INFO  [restartedMain] org.apache.catalina.core.ContainerBase.[Tomcat].[localhost].[/] - Initializing Spring embedded WebApplicationContext
2025-08-17T13:30:06.983+05:30 INFO  [restartedMain] org.apache.coyote.http11.Http11NioProtocol - Starting ProtocolHandler ["http-nio-8080"]
2025-08-17T13:30:06.985+05:30 INFO  [restartedMain] aero.airfi.qa.QaTestResultServiceApplication - Started QaTestResultServiceApplication in 0.127 seconds (process running for 394.747)
2025-08-17T13:32:25.827+05:30 INFO  [tomcat-shutdown] org.apache.coyote.http11.Http11NioProtocol - Pausing ProtocolHandler ["http-nio-8080"]
2025-08-17T13:32:27.835+05:30 INFO  [Thread-23] org.apache.coyote.http11.Http11NioProtocol - Stopping ProtocolHandler ["http-nio-8080"]
2025-08-17T13:32:27.834+05:30 ERROR [http-nio-8080-Acceptor] org.apache.tomcat.util.net.Acceptor - Socket accept failed
java.nio.channels.AsynchronousCloseException: null
	at java.base/java.nio.channels.spi.AbstractInterruptibleChannel.end(AbstractInterruptibleChannel.java:203) ~[?:?]
	at java.base/sun.nio.ch.ServerSocketChannelImpl.end(ServerSocketChannelImpl.java:383) ~[?:?]
	at java.base/sun.nio.ch.ServerSocketChannelImpl.accept(ServerSocketChannelImpl.java:407) ~[?:?]
	at org.apache.tomcat.util.net.NioEndpoint.serverSocketAccept(NioEndpoint.java:537) ~[tomcat-embed-core-10.1.43.jar:10.1.43]
	at org.apache.tomcat.util.net.NioEndpoint.serverSocketAccept(NioEndpoint.java:72) ~[tomcat-embed-core-10.1.43.jar:10.1.43]
	at org.apache.tomcat.util.net.Acceptor.run(Acceptor.java:127) ~[tomcat-embed-core-10.1.43.jar:10.1.43]
	at java.base/java.lang.Thread.run(Thread.java:1583) [?:?]
2025-08-17T13:32:27.924+05:30 INFO  [restartedMain] aero.airfi.qa.QaTestResultServiceApplication - Starting QaTestResultServiceApplication using Java 21.0.8 with PID 27385 (/Users/ranjankale/Documents/dashboard-project/qa-test-result-service/target/classes started by ranjankale in /Users/ranjankale/Documents/dashboard-project/qa-test-result-service)
2025-08-17T13:32:27.925+05:30 INFO  [restartedMain] aero.airfi.qa.QaTestResultServiceApplication - No active profile set, falling back to 1 default profile: "default"
2025-08-17T13:32:27.998+05:30 INFO  [restartedMain] org.apache.coyote.http11.Http11NioProtocol - Initializing ProtocolHandler ["http-nio-8080"]
2025-08-17T13:32:27.998+05:30 INFO  [restartedMain] org.apache.catalina.core.StandardService - Starting service [Tomcat]
2025-08-17T13:32:27.999+05:30 INFO  [restartedMain] org.apache.catalina.core.StandardEngine - Starting Servlet engine: [Apache Tomcat/10.1.43]
2025-08-17T13:32:28.004+05:30 INFO  [restartedMain] org.apache.catalina.core.ContainerBase.[Tomcat].[localhost].[/] - Initializing Spring embedded WebApplicationContext
2025-08-17T13:32:28.123+05:30 INFO  [restartedMain] org.apache.coyote.http11.Http11NioProtocol - Starting ProtocolHandler ["http-nio-8080"]
2025-08-17T13:32:28.131+05:30 INFO  [restartedMain] aero.airfi.qa.QaTestResultServiceApplication - Started QaTestResultServiceApplication in 0.226 seconds (process running for 535.893)
2025-08-17T13:32:33.578+05:30 INFO  [tomcat-shutdown] org.apache.coyote.http11.Http11NioProtocol - Pausing ProtocolHandler ["http-nio-8080"]
2025-08-17T13:32:35.587+05:30 INFO  [Thread-27] org.apache.coyote.http11.Http11NioProtocol - Stopping ProtocolHandler ["http-nio-8080"]
2025-08-17T13:32:35.585+05:30 ERROR [http-nio-8080-Acceptor] org.apache.tomcat.util.net.Acceptor - Socket accept failed
java.nio.channels.AsynchronousCloseException: null
	at java.base/java.nio.channels.spi.AbstractInterruptibleChannel.end(AbstractInterruptibleChannel.java:203) ~[?:?]
	at java.base/sun.nio.ch.ServerSocketChannelImpl.end(ServerSocketChannelImpl.java:383) ~[?:?]
	at java.base/sun.nio.ch.ServerSocketChannelImpl.accept(ServerSocketChannelImpl.java:407) ~[?:?]
	at org.apache.tomcat.util.net.NioEndpoint.serverSocketAccept(NioEndpoint.java:537) ~[tomcat-embed-core-10.1.43.jar:10.1.43]
	at org.apache.tomcat.util.net.NioEndpoint.serverSocketAccept(NioEndpoint.java:72) ~[tomcat-embed-core-10.1.43.jar:10.1.43]
	at org.apache.tomcat.util.net.Acceptor.run(Acceptor.java:127) ~[tomcat-embed-core-10.1.43.jar:10.1.43]
	at java.base/java.lang.Thread.run(Thread.java:1583) [?:?]
2025-08-17T13:32:35.654+05:30 INFO  [restartedMain] aero.airfi.qa.QaTestResultServiceApplication - Starting QaTestResultServiceApplication using Java 21.0.8 with PID 27385 (/Users/ranjankale/Documents/dashboard-project/qa-test-result-service/target/classes started by ranjankale in /Users/ranjankale/Documents/dashboard-project/qa-test-result-service)
2025-08-17T13:32:35.654+05:30 INFO  [restartedMain] aero.airfi.qa.QaTestResultServiceApplication - No active profile set, falling back to 1 default profile: "default"
2025-08-17T13:32:35.715+05:30 INFO  [restartedMain] org.apache.coyote.http11.Http11NioProtocol - Initializing ProtocolHandler ["http-nio-8080"]
2025-08-17T13:32:35.715+05:30 INFO  [restartedMain] org.apache.catalina.core.StandardService - Starting service [Tomcat]
2025-08-17T13:32:35.715+05:30 INFO  [restartedMain] org.apache.catalina.core.StandardEngine - Starting Servlet engine: [Apache Tomcat/10.1.43]
2025-08-17T13:32:35.718+05:30 INFO  [restartedMain] org.apache.catalina.core.ContainerBase.[Tomcat].[localhost].[/] - Initializing Spring embedded WebApplicationContext
2025-08-17T13:32:35.762+05:30 INFO  [restartedMain] org.apache.coyote.http11.Http11NioProtocol - Starting ProtocolHandler ["http-nio-8080"]
2025-08-17T13:32:35.765+05:30 INFO  [restartedMain] aero.airfi.qa.QaTestResultServiceApplication - Started QaTestResultServiceApplication in 0.126 seconds (process running for 543.526)
2025-08-17T13:32:51.301+05:30 INFO  [tomcat-shutdown] org.apache.coyote.http11.Http11NioProtocol - Pausing ProtocolHandler ["http-nio-8080"]
2025-08-17T13:32:53.307+05:30 ERROR [http-nio-8080-Acceptor] org.apache.tomcat.util.net.Acceptor - Socket accept failed
java.nio.channels.AsynchronousCloseException: null
	at java.base/java.nio.channels.spi.AbstractInterruptibleChannel.end(AbstractInterruptibleChannel.java:203) ~[?:?]
	at java.base/sun.nio.ch.ServerSocketChannelImpl.end(ServerSocketChannelImpl.java:383) ~[?:?]
	at java.base/sun.nio.ch.ServerSocketChannelImpl.accept(ServerSocketChannelImpl.java:407) ~[?:?]
	at org.apache.tomcat.util.net.NioEndpoint.serverSocketAccept(NioEndpoint.java:537) ~[tomcat-embed-core-10.1.43.jar:10.1.43]
	at org.apache.tomcat.util.net.NioEndpoint.serverSocketAccept(NioEndpoint.java:72) ~[tomcat-embed-core-10.1.43.jar:10.1.43]
	at org.apache.tomcat.util.net.Acceptor.run(Acceptor.java:127) ~[tomcat-embed-core-10.1.43.jar:10.1.43]
	at java.base/java.lang.Thread.run(Thread.java:1583) [?:?]
2025-08-17T13:32:53.308+05:30 INFO  [Thread-31] org.apache.coyote.http11.Http11NioProtocol - Stopping ProtocolHandler ["http-nio-8080"]
2025-08-17T13:32:53.375+05:30 INFO  [restartedMain] aero.airfi.qa.QaTestResultServiceApplication - Starting QaTestResultServiceApplication using Java 21.0.8 with PID 27385 (/Users/ranjankale/Documents/dashboard-project/qa-test-result-service/target/classes started by ranjankale in /Users/ranjankale/Documents/dashboard-project/qa-test-result-service)
2025-08-17T13:32:53.375+05:30 INFO  [restartedMain] aero.airfi.qa.QaTestResultServiceApplication - No active profile set, falling back to 1 default profile: "default"
2025-08-17T13:32:53.434+05:30 INFO  [restartedMain] org.apache.coyote.http11.Http11NioProtocol - Initializing ProtocolHandler ["http-nio-8080"]
2025-08-17T13:32:53.435+05:30 INFO  [restartedMain] org.apache.catalina.core.StandardService - Starting service [Tomcat]
2025-08-17T13:32:53.435+05:30 INFO  [restartedMain] org.apache.catalina.core.StandardEngine - Starting Servlet engine: [Apache Tomcat/10.1.43]
2025-08-17T13:32:53.437+05:30 INFO  [restartedMain] org.apache.catalina.core.ContainerBase.[Tomcat].[localhost].[/] - Initializing Spring embedded WebApplicationContext
2025-08-17T13:32:53.480+05:30 INFO  [restartedMain] org.apache.coyote.http11.Http11NioProtocol - Starting ProtocolHandler ["http-nio-8080"]
2025-08-17T13:32:53.482+05:30 INFO  [restartedMain] aero.airfi.qa.QaTestResultServiceApplication - Started QaTestResultServiceApplication in 0.12 seconds (process running for 561.243)
2025-08-17T13:33:23.188+05:30 INFO  [tomcat-shutdown] org.apache.coyote.http11.Http11NioProtocol - Pausing ProtocolHandler ["http-nio-8080"]
2025-08-17T13:33:25.195+05:30 ERROR [http-nio-8080-Acceptor] org.apache.tomcat.util.net.Acceptor - Socket accept failed
java.nio.channels.AsynchronousCloseException: null
	at java.base/java.nio.channels.spi.AbstractInterruptibleChannel.end(AbstractInterruptibleChannel.java:203) ~[?:?]
	at java.base/sun.nio.ch.ServerSocketChannelImpl.end(ServerSocketChannelImpl.java:383) ~[?:?]
	at java.base/sun.nio.ch.ServerSocketChannelImpl.accept(ServerSocketChannelImpl.java:407) ~[?:?]
	at org.apache.tomcat.util.net.NioEndpoint.serverSocketAccept(NioEndpoint.java:537) ~[tomcat-embed-core-10.1.43.jar:10.1.43]
	at org.apache.tomcat.util.net.NioEndpoint.serverSocketAccept(NioEndpoint.java:72) ~[tomcat-embed-core-10.1.43.jar:10.1.43]
	at org.apache.tomcat.util.net.Acceptor.run(Acceptor.java:127) ~[tomcat-embed-core-10.1.43.jar:10.1.43]
	at java.base/java.lang.Thread.run(Thread.java:1583) [?:?]
2025-08-17T13:33:25.196+05:30 INFO  [Thread-35] org.apache.coyote.http11.Http11NioProtocol - Stopping ProtocolHandler ["http-nio-8080"]
2025-08-17T13:33:25.258+05:30 INFO  [restartedMain] aero.airfi.qa.QaTestResultServiceApplication - Starting QaTestResultServiceApplication using Java 21.0.8 with PID 27385 (/Users/ranjankale/Documents/dashboard-project/qa-test-result-service/target/classes started by ranjankale in /Users/ranjankale/Documents/dashboard-project/qa-test-result-service)
2025-08-17T13:33:25.258+05:30 INFO  [restartedMain] aero.airfi.qa.QaTestResultServiceApplication - No active profile set, falling back to 1 default profile: "default"
2025-08-17T13:33:25.316+05:30 INFO  [restartedMain] org.apache.coyote.http11.Http11NioProtocol - Initializing ProtocolHandler ["http-nio-8080"]
2025-08-17T13:33:25.317+05:30 INFO  [restartedMain] org.apache.catalina.core.StandardService - Starting service [Tomcat]
2025-08-17T13:33:25.317+05:30 INFO  [restartedMain] org.apache.catalina.core.StandardEngine - Starting Servlet engine: [Apache Tomcat/10.1.43]
2025-08-17T13:33:25.319+05:30 INFO  [restartedMain] org.apache.catalina.core.ContainerBase.[Tomcat].[localhost].[/] - Initializing Spring embedded WebApplicationContext
2025-08-17T13:33:25.360+05:30 INFO  [restartedMain] org.apache.coyote.http11.Http11NioProtocol - Starting ProtocolHandler ["http-nio-8080"]
2025-08-17T13:33:25.363+05:30 INFO  [restartedMain] aero.airfi.qa.QaTestResultServiceApplication - Started QaTestResultServiceApplication in 0.118 seconds (process running for 593.124)
2025-08-17T13:34:14.279+05:30 INFO  [tomcat-shutdown] org.apache.coyote.http11.Http11NioProtocol - Pausing ProtocolHandler ["http-nio-8080"]
2025-08-17T13:34:16.286+05:30 INFO  [Thread-39] org.apache.coyote.http11.Http11NioProtocol - Stopping ProtocolHandler ["http-nio-8080"]
2025-08-17T13:34:16.286+05:30 ERROR [http-nio-8080-Acceptor] org.apache.tomcat.util.net.Acceptor - Socket accept failed
java.nio.channels.AsynchronousCloseException: null
	at java.base/java.nio.channels.spi.AbstractInterruptibleChannel.end(AbstractInterruptibleChannel.java:203) ~[?:?]
	at java.base/sun.nio.ch.ServerSocketChannelImpl.end(ServerSocketChannelImpl.java:383) ~[?:?]
	at java.base/sun.nio.ch.ServerSocketChannelImpl.accept(ServerSocketChannelImpl.java:407) ~[?:?]
	at org.apache.tomcat.util.net.NioEndpoint.serverSocketAccept(NioEndpoint.java:537) ~[tomcat-embed-core-10.1.43.jar:10.1.43]
	at org.apache.tomcat.util.net.NioEndpoint.serverSocketAccept(NioEndpoint.java:72) ~[tomcat-embed-core-10.1.43.jar:10.1.43]
	at org.apache.tomcat.util.net.Acceptor.run(Acceptor.java:127) ~[tomcat-embed-core-10.1.43.jar:10.1.43]
	at java.base/java.lang.Thread.run(Thread.java:1583) [?:?]
2025-08-17T13:34:16.378+05:30 INFO  [restartedMain] aero.airfi.qa.QaTestResultServiceApplication - Starting QaTestResultServiceApplication using Java 21.0.8 with PID 27385 (/Users/ranjankale/Documents/dashboard-project/qa-test-result-service/target/classes started by ranjankale in /Users/ranjankale/Documents/dashboard-project/qa-test-result-service)
2025-08-17T13:34:16.378+05:30 INFO  [restartedMain] aero.airfi.qa.QaTestResultServiceApplication - No active profile set, falling back to 1 default profile: "default"
2025-08-17T13:34:16.446+05:30 INFO  [restartedMain] org.apache.coyote.http11.Http11NioProtocol - Initializing ProtocolHandler ["http-nio-8080"]
2025-08-17T13:34:16.446+05:30 INFO  [restartedMain] org.apache.catalina.core.StandardService - Starting service [Tomcat]
2025-08-17T13:34:16.446+05:30 INFO  [restartedMain] org.apache.catalina.core.StandardEngine - Starting Servlet engine: [Apache Tomcat/10.1.43]
2025-08-17T13:34:16.449+05:30 INFO  [restartedMain] org.apache.catalina.core.ContainerBase.[Tomcat].[localhost].[/] - Initializing Spring embedded WebApplicationContext
2025-08-17T13:34:16.494+05:30 INFO  [restartedMain] org.apache.coyote.http11.Http11NioProtocol - Starting ProtocolHandler ["http-nio-8080"]
2025-08-17T13:34:16.495+05:30 INFO  [restartedMain] aero.airfi.qa.QaTestResultServiceApplication - Started QaTestResultServiceApplication in 0.131 seconds (process running for 644.257)
2025-08-17T13:34:31.925+05:30 INFO  [http-nio-8080-exec-1] org.apache.catalina.core.ContainerBase.[Tomcat].[localhost].[/] - Initializing Spring DispatcherServlet 'dispatcherServlet'
2025-08-17T13:34:32.149+05:30 INFO  [http-nio-8080-exec-4] org.springdoc.api.AbstractOpenApiResource - Init duration for springdoc-openapi is: 85 ms
